Cloning from https://github.com/Vishnukranthreddy/Project-Nearest
==> Checking out commit b7e1836f9bebecf4622626c8a6ce41519eae4560 in branch main
==> Using Python version 3.11.11 (default)
==> Docs on specifying a Python version: https://render.com/docs/python-version
==> Using Poetry version 1.7.1 (default)
==> Docs on specifying a Poetry version: https://render.com/docs/poetry-version
==> Running build command 'pip install -r requirements.txt'...
Collecting flask==2.0.1 (from -r requirements.txt (line 1))
  Downloading Flask-2.0.1-py3-none-any.whl.metadata (3.8 kB)
Collecting pandas==1.3.3 (from -r requirements.txt (line 2))
  Downloading pandas-1.3.3.tar.gz (4.7 MB)
     ━━━━━━━━━━━━━━━━━━━━━━━━━━━━━━━━━━━━━━━━ 4.7/4.7 MB 10.0 MB/s eta 0:00:00
  Installing build dependencies: started
  Installing build dependencies: still running...
  Installing build dependencies: finished with status 'error'
  error: subprocess-exited-with-error
  
  × pip subprocess to install build dependencies did not run successfully.
  │ exit code: 1
  ╰─> [1227 lines of output]
      Ignoring numpy: markers 'python_version == "3.7" and (platform_machine != "arm64" or platform_system != "Darwin") and platform_machine != "aarch64"' don't match your environment
      Ignoring numpy: markers 'python_version == "3.8" and (platform_machine != "arm64" or platform_system != "Darwin") and platform_machine != "aarch64"' don't match your environment
      Ignoring numpy: markers 'python_version == "3.7" and platform_machine == "aarch64"' don't match your environment
      Ignoring numpy: markers 'python_version == "3.8" and platform_machine == "aarch64"' don't match your environment
      Ignoring numpy: markers 'python_version == "3.8" and platform_machine == "arm64" and platform_system == "Darwin"' don't match your environment
      Ignoring numpy: markers 'python_version == "3.9" and platform_machine == "arm64" and platform_system == "Darwin"' don't match your environment
      Collecting setuptools>=51.0.0
        Downloading setuptools-80.9.0-py3-none-any.whl.metadata (6.6 kB)
      Collecting wheel
        Downloading wheel-0.45.1-py3-none-any.whl.metadata (2.3 kB)
      Collecting Cython<3,>=0.29.21
        Downloading Cython-0.29.37-cp311-cp311-manylinux_2_17_x86_64.manylinux2014_x86_64.manylinux_2_24_x86_64.whl.metadata (3.1 kB)
      Collecting numpy==1.19.3
        Downloading numpy-1.19.3.zip (7.3 MB)
           ━━━━━━━━━━━━━━━━━━━━━━━━━━━━━━━━━━━━━━━━ 7.3/7.3 MB 47.4 MB/s eta 0:00:00
        Installing build dependencies: started
        Installing build dependencies: finished with status 'done'
        Getting requirements to build wheel: started
        Getting requirements to build wheel: finished with status 'done'
        Preparing metadata (pyproject.toml): started
        Preparing metadata (pyproject.toml): finished with status 'done'
      Downloading setuptools-80.9.0-py3-none-any.whl (1.2 MB)
         ━━━━━━━━━━━━━━━━━━━━━━━━━━━━━━━━━━━━━━━━ 1.2/1.2 MB 79.2 MB/s eta 0:00:00
      Downloading wheel-0.45.1-py3-none-any.whl (72 kB)
         ━━━━━━━━━━━━━━━━━━━━━━━━━━━━━━━━━━━━━━━━ 72.5/72.5 kB 11.4 MB/s eta 0:00:00
      Using cached Cython-0.29.37-cp311-cp311-manylinux_2_17_x86_64.manylinux2014_x86_64.manylinux_2_24_x86_64.whl (1.9 MB)
      Building wheels for collected packages: numpy
        Building wheel for numpy (pyproject.toml): started
        Building wheel for numpy (pyproject.toml): still running...
        Building wheel for numpy (pyproject.toml): finished with status 'error'
        error: subprocess-exited-with-error
      
        × Building wheel for numpy (pyproject.toml) did not run successfully.
        │ exit code: 1
        ╰─> [1183 lines of output]
            setup.py:67: RuntimeWarning: NumPy 1.19.3 may not yet support Python 3.11.
              warnings.warn(
            Running from numpy source directory.
            numpy/random/_bounded_integers.pxd.in has not changed
            numpy/random/_bounded_integers.pyx.in has not changed
            numpy/random/_pcg64.pyx has not changed
            numpy/random/_mt19937.pyx has not changed
            numpy/random/_common.pyx has not changed
            numpy/random/_sfc64.pyx has not changed
            numpy/random/_generator.pyx has not changed
            Processing numpy/random/_bounded_integers.pyx
            numpy/random/bit_generator.pyx has not changed
            numpy/random/mtrand.pyx has not changed
            numpy/random/_philox.pyx has not changed
            Cythonizing sources
            blas_opt_info:
            blas_mkl_info:
            customize UnixCCompiler
              libraries mkl_rt not found in ['/opt/render/project/src/.venv/lib', '/usr/local/lib', '/usr/lib64', '/usr/lib', '/usr/lib/x86_64-linux-gnu']
              NOT AVAILABLE
      
            blis_info:
              libraries blis not found in ['/opt/render/project/src/.venv/lib', '/usr/local/lib', '/usr/lib64', '/usr/lib', '/usr/lib/x86_64-linux-gnu']
              NOT AVAILABLE
      
            openblas_info:
              libraries openblas not found in ['/opt/render/project/src/.venv/lib', '/usr/local/lib', '/usr/lib64', '/usr/lib', '/usr/lib/x86_64-linux-gnu']
              NOT AVAILABLE
      
            atlas_3_10_blas_threads_info:
            Setting PTATLAS=ATLAS
              libraries tatlas not found in ['/opt/render/project/src/.venv/lib', '/usr/local/lib', '/usr/lib64', '/usr/lib', '/usr/lib/x86_64-linux-gnu']
              NOT AVAILABLE
      
            atlas_3_10_blas_info:
              libraries satlas not found in ['/opt/render/project/src/.venv/lib', '/usr/local/lib', '/usr/lib64', '/usr/lib', '/usr/lib/x86_64-linux-gnu']
              NOT AVAILABLE
      
            atlas_blas_threads_info:
            Setting PTATLAS=ATLAS
              libraries ptf77blas,ptcblas,atlas not found in ['/opt/render/project/src/.venv/lib', '/usr/local/lib', '/usr/lib64', '/usr/lib', '/usr/lib/x86_64-linux-gnu']
              NOT AVAILABLE
      
            atlas_blas_info:
              libraries f77blas,cblas,atlas not found in ['/opt/render/project/src/.venv/lib', '/usr/local/lib', '/usr/lib64', '/usr/lib', '/usr/lib/x86_64-linux-gnu']
              NOT AVAILABLE
      
            accelerate_info:
              NOT AVAILABLE
      
            /tmp/pip-install-6aparu4c/numpy_3601755de4474f1cbe86250ed486a7e5/numpy/distutils/system_info.py:1914: UserWarning:
                Optimized (vendor) Blas libraries are not found.
                Falls back to netlib Blas library which has worse performance.
                A better performance should be easily gained by switching
                Blas library.
              if self._calc_info(blas):
            blas_info:
            C compiler: gcc -Wsign-compare -DNDEBUG -g -fwrapv -O3 -Wall -fPIC
      
            creating /tmp/tmpuxoxsm8w/tmp
            creating /tmp/tmpuxoxsm8w/tmp/tmpuxoxsm8w
            compile options: '-I/usr/local/include -I/usr/include -I/opt/render/project/src/.venv/include -c'
            gcc: /tmp/tmpuxoxsm8w/source.c
            gcc /tmp/tmpuxoxsm8w/tmp/tmpuxoxsm8w/source.o -L/usr/lib/x86_64-linux-gnu -lblas -o /tmp/tmpuxoxsm8w/a.out
              FOUND:
                libraries = ['blas', 'blas']
                library_dirs = ['/usr/lib/x86_64-linux-gnu']
                include_dirs = ['/usr/local/include', '/usr/include', '/opt/render/project/src/.venv/include']
                language = c
                define_macros = [('HAVE_CBLAS', None)]
      
              FOUND:
                define_macros = [('NO_ATLAS_INFO', 1), ('HAVE_CBLAS', None)]
                libraries = ['blas', 'blas']
                library_dirs = ['/usr/lib/x86_64-linux-gnu']
                include_dirs = ['/usr/local/include', '/usr/include', '/opt/render/project/src/.venv/include']
                language = c
      
            non-existing path in 'numpy/distutils': 'site.cfg'
            lapack_opt_info:
            lapack_mkl_info:
              libraries mkl_rt not found in ['/opt/render/project/src/.venv/lib', '/usr/local/lib', '/usr/lib64', '/usr/lib', '/usr/lib/x86_64-linux-gnu']
              NOT AVAILABLE
      
            openblas_lapack_info:
              libraries openblas not found in ['/opt/render/project/src/.venv/lib', '/usr/local/lib', '/usr/lib64', '/usr/lib', '/usr/lib/x86_64-linux-gnu']
              NOT AVAILABLE
      
            openblas_clapack_info:
              libraries openblas,lapack not found in ['/opt/render/project/src/.venv/lib', '/usr/local/lib', '/usr/lib64', '/usr/lib', '/usr/lib/x86_64-linux-gnu']
              NOT AVAILABLE
      
            flame_info:
              libraries flame not found in ['/opt/render/project/src/.venv/lib', '/usr/local/lib', '/usr/lib64', '/usr/lib', '/usr/lib/x86_64-linux-gnu']
              NOT AVAILABLE
      
            atlas_3_10_threads_info:
            Setting PTATLAS=ATLAS
              libraries lapack_atlas not found in /opt/render/project/src/.venv/lib
              libraries tatlas,tatlas not found in /opt/render/project/src/.venv/lib
              libraries lapack_atlas not found in /usr/local/lib
              libraries tatlas,tatlas not found in /usr/local/lib
              libraries lapack_atlas not found in /usr/lib64
              libraries tatlas,tatlas not found in /usr/lib64
              libraries lapack_atlas not found in /usr/lib
              libraries tatlas,tatlas not found in /usr/lib
              libraries lapack_atlas not found in /usr/lib/x86_64-linux-gnu
              libraries tatlas,tatlas not found in /usr/lib/x86_64-linux-gnu
            <class 'numpy.distutils.system_info.atlas_3_10_threads_info'>
              NOT AVAILABLE
      
            atlas_3_10_info:
              libraries lapack_atlas not found in /opt/render/project/src/.venv/lib
              libraries satlas,satlas not found in /opt/render/project/src/.venv/lib
              libraries lapack_atlas not found in /usr/local/lib
              libraries satlas,satlas not found in /usr/local/lib
              libraries lapack_atlas not found in /usr/lib64
              libraries satlas,satlas not found in /usr/lib64
              libraries lapack_atlas not found in /usr/lib
              libraries satlas,satlas not found in /usr/lib
              libraries lapack_atlas not found in /usr/lib/x86_64-linux-gnu
              libraries satlas,satlas not found in /usr/lib/x86_64-linux-gnu
            <class 'numpy.distutils.system_info.atlas_3_10_info'>
              NOT AVAILABLE
      
            atlas_threads_info:
            Setting PTATLAS=ATLAS
              libraries lapack_atlas not found in /opt/render/project/src/.venv/lib
              libraries ptf77blas,ptcblas,atlas not found in /opt/render/project/src/.venv/lib
              libraries lapack_atlas not found in /usr/local/lib
              libraries ptf77blas,ptcblas,atlas not found in /usr/local/lib
              libraries lapack_atlas not found in /usr/lib64
              libraries ptf77blas,ptcblas,atlas not found in /usr/lib64
              libraries lapack_atlas not found in /usr/lib
              libraries ptf77blas,ptcblas,atlas not found in /usr/lib
              libraries lapack_atlas not found in /usr/lib/x86_64-linux-gnu
              libraries ptf77blas,ptcblas,atlas not found in /usr/lib/x86_64-linux-gnu
            <class 'numpy.distutils.system_info.atlas_threads_info'>
              NOT AVAILABLE
      
            atlas_info:
              libraries lapack_atlas not found in /opt/render/project/src/.venv/lib
              libraries f77blas,cblas,atlas not found in /opt/render/project/src/.venv/lib
              libraries lapack_atlas not found in /usr/local/lib
              libraries f77blas,cblas,atlas not found in /usr/local/lib
              libraries lapack_atlas not found in /usr/lib64
              libraries f77blas,cblas,atlas not found in /usr/lib64
              libraries lapack_atlas not found in /usr/lib
              libraries f77blas,cblas,atlas not found in /usr/lib
              libraries lapack_atlas not found in /usr/lib/x86_64-linux-gnu
              libraries f77blas,cblas,atlas not found in /usr/lib/x86_64-linux-gnu
            <class 'numpy.distutils.system_info.atlas_info'>
              NOT AVAILABLE
      
            lapack_info:
              FOUND:
                libraries = ['lapack', 'lapack']
                library_dirs = ['/usr/lib/x86_64-linux-gnu']
                language = f77
      
              FOUND:
                libraries = ['lapack', 'lapack', 'blas', 'blas']
                library_dirs = ['/usr/lib/x86_64-linux-gnu']
                language = c
                define_macros = [('NO_ATLAS_INFO', 1), ('HAVE_CBLAS', None)]
                include_dirs = ['/usr/local/include', '/usr/include', '/opt/render/project/src/.venv/include']
      
            /tmp/pip-build-env-oct13mek/overlay/lib/python3.11/site-packages/setuptools/_distutils/dist.py:275: UserWarning: Unknown distribution option: 'define_macros'
              warnings.warn(msg)
            running bdist_wheel
            running build
            running config_cc
            unifing config_cc, config, build_clib, build_ext, build commands --compiler options
            running config_fc
            unifing config_fc, config, build_clib, build_ext, build commands --fcompiler options
            running build_src
            build_src
            building py_modules sources
            building library "npymath" sources
            Could not locate executable gfortran
            Could not locate executable f95
            Could not locate executable ifort
            Could not locate executable ifc
            Could not locate executable lf95
            Could not locate executable pgfortran
            Could not locate executable nvfortran
            Could not locate executable f90
            Could not locate executable f77
            Could not locate executable fort
            Could not locate executable efort
            Could not locate executable efc
            Could not locate executable g77
            Could not locate executable g95
            Could not locate executable pathf95
            Could not locate executable nagfor
            don't know how to compile Fortran code on platform 'posix'
              adding 'build/src.linux-x86_64-3.11/numpy/core/src/npymath' to include_dirs.
            None - nothing done with h_files = ['build/src.linux-x86_64-3.11/numpy/core/src/npymath/npy_math_internal.h']
            building library "npysort" sources
              adding 'build/src.linux-x86_64-3.11/numpy/core/src/common' to include_dirs.
            None - nothing done with h_files = ['build/src.linux-x86_64-3.11/numpy/core/src/common/npy_sort.h', 'build/src.linux-x86_64-3.11/numpy/core/src/common/npy_partition.h', 'build/src.linux-x86_64-3.11/numpy/core/src/common/npy_binsearch.h']
            building library "npyrandom" sources
            building extension "numpy.core._multiarray_tests" sources
            building extension "numpy.core._multiarray_umath" sources
              adding 'build/src.linux-x86_64-3.11/numpy/core/src/umath' to include_dirs.
              adding 'build/src.linux-x86_64-3.11/numpy/core/src/npymath' to include_dirs.
              adding 'build/src.linux-x86_64-3.11/numpy/core/src/common' to include_dirs.
            numpy.core - nothing done with h_files = ['build/src.linux-x86_64-3.11/numpy/core/src/umath/funcs.inc', 'build/src.linux-x86_64-3.11/numpy/core/src/umath/simd.inc', 'build/src.linux-x86_64-3.11/numpy/core/src/umath/loops.h', 'build/src.linux-x86_64-3.11/numpy/core/src/umath/matmul.h', 'build/src.linux-x86_64-3.11/numpy/core/src/umath/clip.h', 'build/src.linux-x86_64-3.11/numpy/core/src/npymath/npy_math_internal.h', 'build/src.linux-x86_64-3.11/numpy/core/src/common/templ_common.h', 'build/src.linux-x86_64-3.11/numpy/core/include/numpy/config.h', 'build/src.linux-x86_64-3.11/numpy/core/include/numpy/_numpyconfig.h', 'build/src.linux-x86_64-3.11/numpy/core/include/numpy/__multiarray_api.h', 'build/src.linux-x86_64-3.11/numpy/core/include/numpy/__ufunc_api.h']
            building extension "numpy.core._umath_tests" sources
            building extension "numpy.core._rational_tests" sources
            building extension "numpy.core._struct_ufunc_tests" sources
            building extension "numpy.core._operand_flag_tests" sources
            building extension "numpy.fft._pocketfft_internal" sources
            building extension "numpy.linalg.lapack_lite" sources
            building extension "numpy.linalg._umath_linalg" sources
            building extension "numpy.random._mt19937" sources
            building extension "numpy.random._philox" sources
            building extension "numpy.random._pcg64" sources
            building extension "numpy.random._sfc64" sources
            building extension "numpy.random._common" sources
            building extension "numpy.random.bit_generator" sources
            building extension "numpy.random._generator" sources
            building extension "numpy.random._bounded_integers" sources
            building extension "numpy.random.mtrand" sources
            building data_files sources
            build_src: building npy-pkg config files
            running build_py
            creating build/lib.linux-x86_64-3.11
            creating build/lib.linux-x86_64-3.11/numpy
            copying numpy/dual.py -> build/lib.linux-x86_64-3.11/numpy
            copying numpy/version.py -> build/lib.linux-x86_64-3.11/numpy
            copying numpy/_pytesttester.py -> build/lib.linux-x86_64-3.11/numpy
            copying numpy/conftest.py -> build/lib.linux-x86_64-3.11/numpy
            copying numpy/matlib.py -> build/lib.linux-x86_64-3.11/numpy
            copying numpy/__init__.py -> build/lib.linux-x86_64-3.11/numpy
            copying numpy/_globals.py -> build/lib.linux-x86_64-3.11/numpy
            copying numpy/ctypeslib.py -> build/lib.linux-x86_64-3.11/numpy
            copying numpy/_distributor_init.py -> build/lib.linux-x86_64-3.11/numpy
            copying numpy/setup.py -> build/lib.linux-x86_64-3.11/numpy
            copying build/src.linux-x86_64-3.11/numpy/__config__.py -> build/lib.linux-x86_64-3.11/numpy
            creating build/lib.linux-x86_64-3.11/numpy/compat
            copying numpy/compat/py3k.py -> build/lib.linux-x86_64-3.11/numpy/compat
            copying numpy/compat/__init__.py -> build/lib.linux-x86_64-3.11/numpy/compat
            copying numpy/compat/_inspect.py -> build/lib.linux-x86_64-3.11/numpy/compat
            copying numpy/compat/setup.py -> build/lib.linux-x86_64-3.11/numpy/compat
            creating build/lib.linux-x86_64-3.11/numpy/compat/tests
            copying numpy/compat/tests/test_compat.py -> build/lib.linux-x86_64-3.11/numpy/compat/tests
            copying numpy/compat/tests/__init__.py -> build/lib.linux-x86_64-3.11/numpy/compat/tests
            creating build/lib.linux-x86_64-3.11/numpy/core
            copying numpy/core/_exceptions.py -> build/lib.linux-x86_64-3.11/numpy/core
            copying numpy/core/umath_tests.py -> build/lib.linux-x86_64-3.11/numpy/core
            copying numpy/core/memmap.py -> build/lib.linux-x86_64-3.11/numpy/core
            copying numpy/core/machar.py -> build/lib.linux-x86_64-3.11/numpy/core
            copying numpy/core/_dtype.py -> build/lib.linux-x86_64-3.11/numpy/core
            copying numpy/core/getlimits.py -> build/lib.linux-x86_64-3.11/numpy/core
            copying numpy/core/_asarray.py -> build/lib.linux-x86_64-3.11/numpy/core
            copying numpy/core/fromnumeric.py -> build/lib.linux-x86_64-3.11/numpy/core
            copying numpy/core/cversions.py -> build/lib.linux-x86_64-3.11/numpy/core
            copying numpy/core/einsumfunc.py -> build/lib.linux-x86_64-3.11/numpy/core
            copying numpy/core/function_base.py -> build/lib.linux-x86_64-3.11/numpy/core
            copying numpy/core/umath.py -> build/lib.linux-x86_64-3.11/numpy/core
            copying numpy/core/_dtype_ctypes.py -> build/lib.linux-x86_64-3.11/numpy/core
            copying numpy/core/_internal.py -> build/lib.linux-x86_64-3.11/numpy/core
            copying numpy/core/_methods.py -> build/lib.linux-x86_64-3.11/numpy/core
            copying numpy/core/numeric.py -> build/lib.linux-x86_64-3.11/numpy/core
            copying numpy/core/arrayprint.py -> build/lib.linux-x86_64-3.11/numpy/core
            copying numpy/core/_ufunc_config.py -> build/lib.linux-x86_64-3.11/numpy/core
            copying numpy/core/records.py -> build/lib.linux-x86_64-3.11/numpy/core
            copying numpy/core/__init__.py -> build/lib.linux-x86_64-3.11/numpy/core
            copying numpy/core/numerictypes.py -> build/lib.linux-x86_64-3.11/numpy/core
            copying numpy/core/multiarray.py -> build/lib.linux-x86_64-3.11/numpy/core
            copying numpy/core/defchararray.py -> build/lib.linux-x86_64-3.11/numpy/core
            copying numpy/core/shape_base.py -> build/lib.linux-x86_64-3.11/numpy/core
            copying numpy/core/_string_helpers.py -> build/lib.linux-x86_64-3.11/numpy/core
            copying numpy/core/_add_newdocs.py -> build/lib.linux-x86_64-3.11/numpy/core
            copying numpy/core/setup_common.py -> build/lib.linux-x86_64-3.11/numpy/core
            copying numpy/core/_type_aliases.py -> build/lib.linux-x86_64-3.11/numpy/core
            copying numpy/core/overrides.py -> build/lib.linux-x86_64-3.11/numpy/core
            copying numpy/core/setup.py -> build/lib.linux-x86_64-3.11/numpy/core
            copying numpy/core/code_generators/generate_numpy_api.py -> build/lib.linux-x86_64-3.11/numpy/core
            creating build/lib.linux-x86_64-3.11/numpy/core/tests
            copying numpy/core/tests/test_shape_base.py -> build/lib.linux-x86_64-3.11/numpy/core/tests
            copying numpy/core/tests/test_errstate.py -> build/lib.linux-x86_64-3.11/numpy/core/tests
            copying numpy/core/tests/test_memmap.py -> build/lib.linux-x86_64-3.11/numpy/core/tests
            copying numpy/core/tests/test_scalarbuffer.py -> build/lib.linux-x86_64-3.11/numpy/core/tests
            copying numpy/core/tests/test_umath_complex.py -> build/lib.linux-x86_64-3.11/numpy/core/tests
            copying numpy/core/tests/test_protocols.py -> build/lib.linux-x86_64-3.11/numpy/core/tests
            copying numpy/core/tests/test__exceptions.py -> build/lib.linux-x86_64-3.11/numpy/core/tests
            copying numpy/core/tests/test_half.py -> build/lib.linux-x86_64-3.11/numpy/core/tests
            copying numpy/core/tests/test_extint128.py -> build/lib.linux-x86_64-3.11/numpy/core/tests
            copying numpy/core/tests/test_unicode.py -> build/lib.linux-x86_64-3.11/numpy/core/tests
            copying numpy/core/tests/test_scalarprint.py -> build/lib.linux-x86_64-3.11/numpy/core/tests
            copying numpy/core/tests/test_umath_accuracy.py -> build/lib.linux-x86_64-3.11/numpy/core/tests
            copying numpy/core/tests/test_cpu_features.py -> build/lib.linux-x86_64-3.11/numpy/core/tests
            copying numpy/core/tests/test_numerictypes.py -> build/lib.linux-x86_64-3.11/numpy/core/tests
            copying numpy/core/tests/test_getlimits.py -> build/lib.linux-x86_64-3.11/numpy/core/tests
            copying numpy/core/tests/test_print.py -> build/lib.linux-x86_64-3.11/numpy/core/tests
            copying numpy/core/tests/test_function_base.py -> build/lib.linux-x86_64-3.11/numpy/core/tests
            copying numpy/core/tests/test_indexing.py -> build/lib.linux-x86_64-3.11/numpy/core/tests
            copying numpy/core/tests/test_scalarinherit.py -> build/lib.linux-x86_64-3.11/numpy/core/tests
            copying numpy/core/tests/test_deprecations.py -> build/lib.linux-x86_64-3.11/numpy/core/tests
            copying numpy/core/tests/test_item_selection.py -> build/lib.linux-x86_64-3.11/numpy/core/tests
            copying numpy/core/tests/test_numeric.py -> build/lib.linux-x86_64-3.11/numpy/core/tests
            copying numpy/core/tests/test_scalar_methods.py -> build/lib.linux-x86_64-3.11/numpy/core/tests
            copying numpy/core/tests/test_dtype.py -> build/lib.linux-x86_64-3.11/numpy/core/tests
            copying numpy/core/tests/test_abc.py -> build/lib.linux-x86_64-3.11/numpy/core/tests
            copying numpy/core/tests/test_umath.py -> build/lib.linux-x86_64-3.11/numpy/core/tests
            copying numpy/core/tests/test_api.py -> build/lib.linux-x86_64-3.11/numpy/core/tests
            copying numpy/core/tests/test_mem_overlap.py -> build/lib.linux-x86_64-3.11/numpy/core/tests
            copying numpy/core/tests/test_scalarmath.py -> build/lib.linux-x86_64-3.11/numpy/core/tests
            copying numpy/core/tests/__init__.py -> build/lib.linux-x86_64-3.11/numpy/core/tests
            copying numpy/core/tests/test_nditer.py -> build/lib.linux-x86_64-3.11/numpy/core/tests
            copying numpy/core/tests/test_ufunc.py -> build/lib.linux-x86_64-3.11/numpy/core/tests
            copying numpy/core/tests/test_records.py -> build/lib.linux-x86_64-3.11/numpy/core/tests
            copying numpy/core/tests/test_arrayprint.py -> build/lib.linux-x86_64-3.11/numpy/core/tests
            copying numpy/core/tests/test_conversion_utils.py -> build/lib.linux-x86_64-3.11/numpy/core/tests
            copying numpy/core/tests/test_multiarray.py -> build/lib.linux-x86_64-3.11/numpy/core/tests
            copying numpy/core/tests/test_indexerrors.py -> build/lib.linux-x86_64-3.11/numpy/core/tests
            copying numpy/core/tests/test_regression.py -> build/lib.linux-x86_64-3.11/numpy/core/tests
            copying numpy/core/tests/test_machar.py -> build/lib.linux-x86_64-3.11/numpy/core/tests
            copying numpy/core/tests/test_defchararray.py -> build/lib.linux-x86_64-3.11/numpy/core/tests
            copying numpy/core/tests/test_overrides.py -> build/lib.linux-x86_64-3.11/numpy/core/tests
            copying numpy/core/tests/test_scalar_ctors.py -> build/lib.linux-x86_64-3.11/numpy/core/tests
            copying numpy/core/tests/_locales.py -> build/lib.linux-x86_64-3.11/numpy/core/tests
            copying numpy/core/tests/test_longdouble.py -> build/lib.linux-x86_64-3.11/numpy/core/tests
            copying numpy/core/tests/test_datetime.py -> build/lib.linux-x86_64-3.11/numpy/core/tests
            copying numpy/core/tests/test_einsum.py -> build/lib.linux-x86_64-3.11/numpy/core/tests
            creating build/lib.linux-x86_64-3.11/numpy/distutils
            copying numpy/distutils/msvccompiler.py -> build/lib.linux-x86_64-3.11/numpy/distutils
            copying numpy/distutils/from_template.py -> build/lib.linux-x86_64-3.11/numpy/distutils
            copying numpy/distutils/lib2def.py -> build/lib.linux-x86_64-3.11/numpy/distutils
            copying numpy/distutils/core.py -> build/lib.linux-x86_64-3.11/numpy/distutils
            copying numpy/distutils/line_endings.py -> build/lib.linux-x86_64-3.11/numpy/distutils
            copying numpy/distutils/intelccompiler.py -> build/lib.linux-x86_64-3.11/numpy/distutils
            copying numpy/distutils/unixccompiler.py -> build/lib.linux-x86_64-3.11/numpy/distutils
            copying numpy/distutils/mingw32ccompiler.py -> build/lib.linux-x86_64-3.11/numpy/distutils
            copying numpy/distutils/pathccompiler.py -> build/lib.linux-x86_64-3.11/numpy/distutils
            copying numpy/distutils/numpy_distribution.py -> build/lib.linux-x86_64-3.11/numpy/distutils
            copying numpy/distutils/misc_util.py -> build/lib.linux-x86_64-3.11/numpy/distutils
            copying numpy/distutils/cpuinfo.py -> build/lib.linux-x86_64-3.11/numpy/distutils
            copying numpy/distutils/__init__.py -> build/lib.linux-x86_64-3.11/numpy/distutils
            copying numpy/distutils/log.py -> build/lib.linux-x86_64-3.11/numpy/distutils
            copying numpy/distutils/extension.py -> build/lib.linux-x86_64-3.11/numpy/distutils
            copying numpy/distutils/system_info.py -> build/lib.linux-x86_64-3.11/numpy/distutils
            copying numpy/distutils/_shell_utils.py -> build/lib.linux-x86_64-3.11/numpy/distutils
            copying numpy/distutils/msvc9compiler.py -> build/lib.linux-x86_64-3.11/numpy/distutils
            copying numpy/distutils/npy_pkg_config.py -> build/lib.linux-x86_64-3.11/numpy/distutils
            copying numpy/distutils/exec_command.py -> build/lib.linux-x86_64-3.11/numpy/distutils
            copying numpy/distutils/ccompiler.py -> build/lib.linux-x86_64-3.11/numpy/distutils
            copying numpy/distutils/conv_template.py -> build/lib.linux-x86_64-3.11/numpy/distutils
            copying numpy/distutils/setup.py -> build/lib.linux-x86_64-3.11/numpy/distutils
            copying build/src.linux-x86_64-3.11/numpy/distutils/__config__.py -> build/lib.linux-x86_64-3.11/numpy/distutils
            creating build/lib.linux-x86_64-3.11/numpy/distutils/command
            copying numpy/distutils/command/install.py -> build/lib.linux-x86_64-3.11/numpy/distutils/command
            copying numpy/distutils/command/develop.py -> build/lib.linux-x86_64-3.11/numpy/distutils/command
            copying numpy/distutils/command/bdist_rpm.py -> build/lib.linux-x86_64-3.11/numpy/distutils/command
            copying numpy/distutils/command/install_clib.py -> build/lib.linux-x86_64-3.11/numpy/distutils/command
            copying numpy/distutils/command/build_py.py -> build/lib.linux-x86_64-3.11/numpy/distutils/command
            copying numpy/distutils/command/install_data.py -> build/lib.linux-x86_64-3.11/numpy/distutils/command
            copying numpy/distutils/command/build_scripts.py -> build/lib.linux-x86_64-3.11/numpy/distutils/command
            copying numpy/distutils/command/build_ext.py -> build/lib.linux-x86_64-3.11/numpy/distutils/command
            copying numpy/distutils/command/__init__.py -> build/lib.linux-x86_64-3.11/numpy/distutils/command
            copying numpy/distutils/command/build_src.py -> build/lib.linux-x86_64-3.11/numpy/distutils/command
            copying numpy/distutils/command/egg_info.py -> build/lib.linux-x86_64-3.11/numpy/distutils/command
            copying numpy/distutils/command/sdist.py -> build/lib.linux-x86_64-3.11/numpy/distutils/command
            copying numpy/distutils/command/config_compiler.py -> build/lib.linux-x86_64-3.11/numpy/distutils/command
            copying numpy/distutils/command/build.py -> build/lib.linux-x86_64-3.11/numpy/distutils/command
            copying numpy/distutils/command/config.py -> build/lib.linux-x86_64-3.11/numpy/distutils/command
            copying numpy/distutils/command/build_clib.py -> build/lib.linux-x86_64-3.11/numpy/distutils/command
            copying numpy/distutils/command/install_headers.py -> build/lib.linux-x86_64-3.11/numpy/distutils/command
            copying numpy/distutils/command/autodist.py -> build/lib.linux-x86_64-3.11/numpy/distutils/command
            creating build/lib.linux-x86_64-3.11/numpy/distutils/fcompiler
            copying numpy/distutils/fcompiler/sun.py -> build/lib.linux-x86_64-3.11/numpy/distutils/fcompiler
            copying numpy/distutils/fcompiler/compaq.py -> build/lib.linux-x86_64-3.11/numpy/distutils/fcompiler
            copying numpy/distutils/fcompiler/pg.py -> build/lib.linux-x86_64-3.11/numpy/distutils/fcompiler
            copying numpy/distutils/fcompiler/mips.py -> build/lib.linux-x86_64-3.11/numpy/distutils/fcompiler
            copying numpy/distutils/fcompiler/vast.py -> build/lib.linux-x86_64-3.11/numpy/distutils/fcompiler
            copying numpy/distutils/fcompiler/absoft.py -> build/lib.linux-x86_64-3.11/numpy/distutils/fcompiler
            copying numpy/distutils/fcompiler/__init__.py -> build/lib.linux-x86_64-3.11/numpy/distutils/fcompiler
            copying numpy/distutils/fcompiler/g95.py -> build/lib.linux-x86_64-3.11/numpy/distutils/fcompiler
            copying numpy/distutils/fcompiler/intel.py -> build/lib.linux-x86_64-3.11/numpy/distutils/fcompiler
            copying numpy/distutils/fcompiler/hpux.py -> build/lib.linux-x86_64-3.11/numpy/distutils/fcompiler
            copying numpy/distutils/fcompiler/nag.py -> build/lib.linux-x86_64-3.11/numpy/distutils/fcompiler
            copying numpy/distutils/fcompiler/nv.py -> build/lib.linux-x86_64-3.11/numpy/distutils/fcompiler
            copying numpy/distutils/fcompiler/environment.py -> build/lib.linux-x86_64-3.11/numpy/distutils/fcompiler
            copying numpy/distutils/fcompiler/none.py -> build/lib.linux-x86_64-3.11/numpy/distutils/fcompiler
            copying numpy/distutils/fcompiler/lahey.py -> build/lib.linux-x86_64-3.11/numpy/distutils/fcompiler
            copying numpy/distutils/fcompiler/gnu.py -> build/lib.linux-x86_64-3.11/numpy/distutils/fcompiler
            copying numpy/distutils/fcompiler/pathf95.py -> build/lib.linux-x86_64-3.11/numpy/distutils/fcompiler
            copying numpy/distutils/fcompiler/ibm.py -> build/lib.linux-x86_64-3.11/numpy/distutils/fcompiler
            creating build/lib.linux-x86_64-3.11/numpy/distutils/tests
            copying numpy/distutils/tests/test_system_info.py -> build/lib.linux-x86_64-3.11/numpy/distutils/tests
            copying numpy/distutils/tests/test_shell_utils.py -> build/lib.linux-x86_64-3.11/numpy/distutils/tests
            copying numpy/distutils/tests/test_from_template.py -> build/lib.linux-x86_64-3.11/numpy/distutils/tests
            copying numpy/distutils/tests/test_fcompiler_nagfor.py -> build/lib.linux-x86_64-3.11/numpy/distutils/tests
            copying numpy/distutils/tests/test_fcompiler_gnu.py -> build/lib.linux-x86_64-3.11/numpy/distutils/tests
            copying numpy/distutils/tests/test_fcompiler.py -> build/lib.linux-x86_64-3.11/numpy/distutils/tests
            copying numpy/distutils/tests/__init__.py -> build/lib.linux-x86_64-3.11/numpy/distutils/tests
            copying numpy/distutils/tests/test_mingw32ccompiler.py -> build/lib.linux-x86_64-3.11/numpy/distutils/tests
            copying numpy/distutils/tests/test_npy_pkg_config.py -> build/lib.linux-x86_64-3.11/numpy/distutils/tests
            copying numpy/distutils/tests/test_exec_command.py -> build/lib.linux-x86_64-3.11/numpy/distutils/tests
            copying numpy/distutils/tests/test_misc_util.py -> build/lib.linux-x86_64-3.11/numpy/distutils/tests
            copying numpy/distutils/tests/test_fcompiler_intel.py -> build/lib.linux-x86_64-3.11/numpy/distutils/tests
            creating build/lib.linux-x86_64-3.11/numpy/doc
            copying numpy/doc/byteswapping.py -> build/lib.linux-x86_64-3.11/numpy/doc
            copying numpy/doc/basics.py -> build/lib.linux-x86_64-3.11/numpy/doc
            copying numpy/doc/internals.py -> build/lib.linux-x86_64-3.11/numpy/doc
            copying numpy/doc/ufuncs.py -> build/lib.linux-x86_64-3.11/numpy/doc
            copying numpy/doc/creation.py -> build/lib.linux-x86_64-3.11/numpy/doc
            copying numpy/doc/dispatch.py -> build/lib.linux-x86_64-3.11/numpy/doc
            copying numpy/doc/misc.py -> build/lib.linux-x86_64-3.11/numpy/doc
            copying numpy/doc/glossary.py -> build/lib.linux-x86_64-3.11/numpy/doc
            copying numpy/doc/__init__.py -> build/lib.linux-x86_64-3.11/numpy/doc
            copying numpy/doc/subclassing.py -> build/lib.linux-x86_64-3.11/numpy/doc
            copying numpy/doc/structured_arrays.py -> build/lib.linux-x86_64-3.11/numpy/doc
            copying numpy/doc/constants.py -> build/lib.linux-x86_64-3.11/numpy/doc
            copying numpy/doc/broadcasting.py -> build/lib.linux-x86_64-3.11/numpy/doc
            copying numpy/doc/indexing.py -> build/lib.linux-x86_64-3.11/numpy/doc
            creating build/lib.linux-x86_64-3.11/numpy/f2py
            copying numpy/f2py/crackfortran.py -> build/lib.linux-x86_64-3.11/numpy/f2py
            copying numpy/f2py/use_rules.py -> build/lib.linux-x86_64-3.11/numpy/f2py
            copying numpy/f2py/func2subr.py -> build/lib.linux-x86_64-3.11/numpy/f2py
            copying numpy/f2py/auxfuncs.py -> build/lib.linux-x86_64-3.11/numpy/f2py
            copying numpy/f2py/common_rules.py -> build/lib.linux-x86_64-3.11/numpy/f2py
            copying numpy/f2py/f2py2e.py -> build/lib.linux-x86_64-3.11/numpy/f2py
            copying numpy/f2py/capi_maps.py -> build/lib.linux-x86_64-3.11/numpy/f2py
            copying numpy/f2py/rules.py -> build/lib.linux-x86_64-3.11/numpy/f2py
            copying numpy/f2py/diagnose.py -> build/lib.linux-x86_64-3.11/numpy/f2py
            copying numpy/f2py/__init__.py -> build/lib.linux-x86_64-3.11/numpy/f2py
            copying numpy/f2py/cb_rules.py -> build/lib.linux-x86_64-3.11/numpy/f2py
            copying numpy/f2py/f90mod_rules.py -> build/lib.linux-x86_64-3.11/numpy/f2py
            copying numpy/f2py/__version__.py -> build/lib.linux-x86_64-3.11/numpy/f2py
            copying numpy/f2py/f2py_testing.py -> build/lib.linux-x86_64-3.11/numpy/f2py
            copying numpy/f2py/__main__.py -> build/lib.linux-x86_64-3.11/numpy/f2py
            copying numpy/f2py/cfuncs.py -> build/lib.linux-x86_64-3.11/numpy/f2py
            copying numpy/f2py/setup.py -> build/lib.linux-x86_64-3.11/numpy/f2py
            creating build/lib.linux-x86_64-3.11/numpy/f2py/tests
            copying numpy/f2py/tests/test_crackfortran.py -> build/lib.linux-x86_64-3.11/numpy/f2py/tests
            copying numpy/f2py/tests/test_string.py -> build/lib.linux-x86_64-3.11/numpy/f2py/tests
            copying numpy/f2py/tests/test_return_integer.py -> build/lib.linux-x86_64-3.11/numpy/f2py/tests
            copying numpy/f2py/tests/test_common.py -> build/lib.linux-x86_64-3.11/numpy/f2py/tests
            copying numpy/f2py/tests/test_compile_function.py -> build/lib.linux-x86_64-3.11/numpy/f2py/tests
            copying numpy/f2py/tests/test_return_logical.py -> build/lib.linux-x86_64-3.11/numpy/f2py/tests
            copying numpy/f2py/tests/util.py -> build/lib.linux-x86_64-3.11/numpy/f2py/tests
            copying numpy/f2py/tests/__init__.py -> build/lib.linux-x86_64-3.11/numpy/f2py/tests
            copying numpy/f2py/tests/test_size.py -> build/lib.linux-x86_64-3.11/numpy/f2py/tests
            copying numpy/f2py/tests/test_parameter.py -> build/lib.linux-x86_64-3.11/numpy/f2py/tests
            copying numpy/f2py/tests/test_regression.py -> build/lib.linux-x86_64-3.11/numpy/f2py/tests
            copying numpy/f2py/tests/test_semicolon_split.py -> build/lib.linux-x86_64-3.11/numpy/f2py/tests
            copying numpy/f2py/tests/test_kind.py -> build/lib.linux-x86_64-3.11/numpy/f2py/tests
            copying numpy/f2py/tests/test_return_character.py -> build/lib.linux-x86_64-3.11/numpy/f2py/tests
            copying numpy/f2py/tests/test_assumed_shape.py -> build/lib.linux-x86_64-3.11/numpy/f2py/tests
            copying numpy/f2py/tests/test_callback.py -> build/lib.linux-x86_64-3.11/numpy/f2py/tests
            copying numpy/f2py/tests/test_mixed.py -> build/lib.linux-x86_64-3.11/numpy/f2py/tests
            copying numpy/f2py/tests/test_array_from_pyobj.py -> build/lib.linux-x86_64-3.11/numpy/f2py/tests
            copying numpy/f2py/tests/test_return_complex.py -> build/lib.linux-x86_64-3.11/numpy/f2py/tests
            copying numpy/f2py/tests/test_quoted_character.py -> build/lib.linux-x86_64-3.11/numpy/f2py/tests
            copying numpy/f2py/tests/test_block_docstring.py -> build/lib.linux-x86_64-3.11/numpy/f2py/tests
            copying numpy/f2py/tests/test_return_real.py -> build/lib.linux-x86_64-3.11/numpy/f2py/tests
            creating build/lib.linux-x86_64-3.11/numpy/fft
            copying numpy/fft/helper.py -> build/lib.linux-x86_64-3.11/numpy/fft
            copying numpy/fft/__init__.py -> build/lib.linux-x86_64-3.11/numpy/fft
            copying numpy/fft/_pocketfft.py -> build/lib.linux-x86_64-3.11/numpy/fft
            copying numpy/fft/setup.py -> build/lib.linux-x86_64-3.11/numpy/fft
            creating build/lib.linux-x86_64-3.11/numpy/fft/tests
            copying numpy/fft/tests/test_helper.py -> build/lib.linux-x86_64-3.11/numpy/fft/tests
            copying numpy/fft/tests/test_pocketfft.py -> build/lib.linux-x86_64-3.11/numpy/fft/tests
            copying numpy/fft/tests/__init__.py -> build/lib.linux-x86_64-3.11/numpy/fft/tests
            creating build/lib.linux-x86_64-3.11/numpy/lib
            copying numpy/lib/_iotools.py -> build/lib.linux-x86_64-3.11/numpy/lib
            copying numpy/lib/stride_tricks.py -> build/lib.linux-x86_64-3.11/numpy/lib
            copying numpy/lib/ufunclike.py -> build/lib.linux-x86_64-3.11/numpy/lib
            copying numpy/lib/type_check.py -> build/lib.linux-x86_64-3.11/numpy/lib
            copying numpy/lib/recfunctions.py -> build/lib.linux-x86_64-3.11/numpy/lib
            copying numpy/lib/arraysetops.py -> build/lib.linux-x86_64-3.11/numpy/lib
            copying numpy/lib/utils.py -> build/lib.linux-x86_64-3.11/numpy/lib
            copying numpy/lib/user_array.py -> build/lib.linux-x86_64-3.11/numpy/lib
            copying numpy/lib/_datasource.py -> build/lib.linux-x86_64-3.11/numpy/lib
            copying numpy/lib/mixins.py -> build/lib.linux-x86_64-3.11/numpy/lib
            copying numpy/lib/scimath.py -> build/lib.linux-x86_64-3.11/numpy/lib
            copying numpy/lib/function_base.py -> build/lib.linux-x86_64-3.11/numpy/lib
            copying numpy/lib/polynomial.py -> build/lib.linux-x86_64-3.11/numpy/lib
            copying numpy/lib/index_tricks.py -> build/lib.linux-x86_64-3.11/numpy/lib
            copying numpy/lib/format.py -> build/lib.linux-x86_64-3.11/numpy/lib
            copying numpy/lib/_version.py -> build/lib.linux-x86_64-3.11/numpy/lib
            copying numpy/lib/nanfunctions.py -> build/lib.linux-x86_64-3.11/numpy/lib
            copying numpy/lib/__init__.py -> build/lib.linux-x86_64-3.11/numpy/lib
            copying numpy/lib/histograms.py -> build/lib.linux-x86_64-3.11/numpy/lib
            copying numpy/lib/shape_base.py -> build/lib.linux-x86_64-3.11/numpy/lib
            copying numpy/lib/financial.py -> build/lib.linux-x86_64-3.11/numpy/lib
            copying numpy/lib/twodim_base.py -> build/lib.linux-x86_64-3.11/numpy/lib
            copying numpy/lib/arraypad.py -> build/lib.linux-x86_64-3.11/numpy/lib
            copying numpy/lib/npyio.py -> build/lib.linux-x86_64-3.11/numpy/lib
            copying numpy/lib/arrayterator.py -> build/lib.linux-x86_64-3.11/numpy/lib
            copying numpy/lib/setup.py -> build/lib.linux-x86_64-3.11/numpy/lib
            creating build/lib.linux-x86_64-3.11/numpy/lib/tests
            copying numpy/lib/tests/test_shape_base.py -> build/lib.linux-x86_64-3.11/numpy/lib/tests
            copying numpy/lib/tests/test_mixins.py -> build/lib.linux-x86_64-3.11/numpy/lib/tests
            copying numpy/lib/tests/test_utils.py -> build/lib.linux-x86_64-3.11/numpy/lib/tests
            copying numpy/lib/tests/test_packbits.py -> build/lib.linux-x86_64-3.11/numpy/lib/tests
            copying numpy/lib/tests/test_format.py -> build/lib.linux-x86_64-3.11/numpy/lib/tests
            copying numpy/lib/tests/test_financial.py -> build/lib.linux-x86_64-3.11/numpy/lib/tests
            copying numpy/lib/tests/test__datasource.py -> build/lib.linux-x86_64-3.11/numpy/lib/tests
            copying numpy/lib/tests/test_function_base.py -> build/lib.linux-x86_64-3.11/numpy/lib/tests
            copying numpy/lib/tests/test_recfunctions.py -> build/lib.linux-x86_64-3.11/numpy/lib/tests
            copying numpy/lib/tests/test_histograms.py -> build/lib.linux-x86_64-3.11/numpy/lib/tests
            copying numpy/lib/tests/test_type_check.py -> build/lib.linux-x86_64-3.11/numpy/lib/tests
            copying numpy/lib/tests/test_arraypad.py -> build/lib.linux-x86_64-3.11/numpy/lib/tests
            copying numpy/lib/tests/test_polynomial.py -> build/lib.linux-x86_64-3.11/numpy/lib/tests
            copying numpy/lib/tests/test__version.py -> build/lib.linux-x86_64-3.11/numpy/lib/tests
            copying numpy/lib/tests/test_twodim_base.py -> build/lib.linux-x86_64-3.11/numpy/lib/tests
            copying numpy/lib/tests/test_arraysetops.py -> build/lib.linux-x86_64-3.11/numpy/lib/tests
            copying numpy/lib/tests/test_ufunclike.py -> build/lib.linux-x86_64-3.11/numpy/lib/tests
            copying numpy/lib/tests/__init__.py -> build/lib.linux-x86_64-3.11/numpy/lib/tests
            copying numpy/lib/tests/test_stride_tricks.py -> build/lib.linux-x86_64-3.11/numpy/lib/tests
            copying numpy/lib/tests/test__iotools.py -> build/lib.linux-x86_64-3.11/numpy/lib/tests
            copying numpy/lib/tests/test_regression.py -> build/lib.linux-x86_64-3.11/numpy/lib/tests
            copying numpy/lib/tests/test_index_tricks.py -> build/lib.linux-x86_64-3.11/numpy/lib/tests
            copying numpy/lib/tests/test_arrayterator.py -> build/lib.linux-x86_64-3.11/numpy/lib/tests
            copying numpy/lib/tests/test_nanfunctions.py -> build/lib.linux-x86_64-3.11/numpy/lib/tests
            copying numpy/lib/tests/test_io.py -> build/lib.linux-x86_64-3.11/numpy/lib/tests
            creating build/lib.linux-x86_64-3.11/numpy/linalg
            copying numpy/linalg/linalg.py -> build/lib.linux-x86_64-3.11/numpy/linalg
            copying numpy/linalg/__init__.py -> build/lib.linux-x86_64-3.11/numpy/linalg
            copying numpy/linalg/setup.py -> build/lib.linux-x86_64-3.11/numpy/linalg
            creating build/lib.linux-x86_64-3.11/numpy/linalg/tests
            copying numpy/linalg/tests/test_build.py -> build/lib.linux-x86_64-3.11/numpy/linalg/tests
            copying numpy/linalg/tests/test_linalg.py -> build/lib.linux-x86_64-3.11/numpy/linalg/tests
            copying numpy/linalg/tests/test_deprecations.py -> build/lib.linux-x86_64-3.11/numpy/linalg/tests
            copying numpy/linalg/tests/__init__.py -> build/lib.linux-x86_64-3.11/numpy/linalg/tests
            copying numpy/linalg/tests/test_regression.py -> build/lib.linux-x86_64-3.11/numpy/linalg/tests
            creating build/lib.linux-x86_64-3.11/numpy/ma
            copying numpy/ma/core.py -> build/lib.linux-x86_64-3.11/numpy/ma
            copying numpy/ma/bench.py -> build/lib.linux-x86_64-3.11/numpy/ma
            copying numpy/ma/extras.py -> build/lib.linux-x86_64-3.11/numpy/ma
            copying numpy/ma/mrecords.py -> build/lib.linux-x86_64-3.11/numpy/ma
            copying numpy/ma/testutils.py -> build/lib.linux-x86_64-3.11/numpy/ma
            copying numpy/ma/__init__.py -> build/lib.linux-x86_64-3.11/numpy/ma
            copying numpy/ma/timer_comparison.py -> build/lib.linux-x86_64-3.11/numpy/ma
            copying numpy/ma/setup.py -> build/lib.linux-x86_64-3.11/numpy/ma
            creating build/lib.linux-x86_64-3.11/numpy/ma/tests
            copying numpy/ma/tests/test_core.py -> build/lib.linux-x86_64-3.11/numpy/ma/tests
            copying numpy/ma/tests/test_extras.py -> build/lib.linux-x86_64-3.11/numpy/ma/tests
            copying numpy/ma/tests/test_mrecords.py -> build/lib.linux-x86_64-3.11/numpy/ma/tests
            copying numpy/ma/tests/test_deprecations.py -> build/lib.linux-x86_64-3.11/numpy/ma/tests
            copying numpy/ma/tests/test_subclassing.py -> build/lib.linux-x86_64-3.11/numpy/ma/tests
            copying numpy/ma/tests/__init__.py -> build/lib.linux-x86_64-3.11/numpy/ma/tests
            copying numpy/ma/tests/test_regression.py -> build/lib.linux-x86_64-3.11/numpy/ma/tests
            copying numpy/ma/tests/test_old_ma.py -> build/lib.linux-x86_64-3.11/numpy/ma/tests
            creating build/lib.linux-x86_64-3.11/numpy/matrixlib
            copying numpy/matrixlib/defmatrix.py -> build/lib.linux-x86_64-3.11/numpy/matrixlib
            copying numpy/matrixlib/__init__.py -> build/lib.linux-x86_64-3.11/numpy/matrixlib
            copying numpy/matrixlib/setup.py -> build/lib.linux-x86_64-3.11/numpy/matrixlib
            creating build/lib.linux-x86_64-3.11/numpy/matrixlib/tests
            copying numpy/matrixlib/tests/test_masked_matrix.py -> build/lib.linux-x86_64-3.11/numpy/matrixlib/tests
            copying numpy/matrixlib/tests/test_numeric.py -> build/lib.linux-x86_64-3.11/numpy/matrixlib/tests
            copying numpy/matrixlib/tests/test_defmatrix.py -> build/lib.linux-x86_64-3.11/numpy/matrixlib/tests
            copying numpy/matrixlib/tests/__init__.py -> build/lib.linux-x86_64-3.11/numpy/matrixlib/tests
            copying numpy/matrixlib/tests/test_interaction.py -> build/lib.linux-x86_64-3.11/numpy/matrixlib/tests
            copying numpy/matrixlib/tests/test_matrix_linalg.py -> build/lib.linux-x86_64-3.11/numpy/matrixlib/tests
            copying numpy/matrixlib/tests/test_multiarray.py -> build/lib.linux-x86_64-3.11/numpy/matrixlib/tests
            copying numpy/matrixlib/tests/test_regression.py -> build/lib.linux-x86_64-3.11/numpy/matrixlib/tests
            creating build/lib.linux-x86_64-3.11/numpy/polynomial
            copying numpy/polynomial/polyutils.py -> build/lib.linux-x86_64-3.11/numpy/polynomial
            copying numpy/polynomial/polynomial.py -> build/lib.linux-x86_64-3.11/numpy/polynomial
            copying numpy/polynomial/legendre.py -> build/lib.linux-x86_64-3.11/numpy/polynomial
            copying numpy/polynomial/_polybase.py -> build/lib.linux-x86_64-3.11/numpy/polynomial
            copying numpy/polynomial/__init__.py -> build/lib.linux-x86_64-3.11/numpy/polynomial
            copying numpy/polynomial/hermite.py -> build/lib.linux-x86_64-3.11/numpy/polynomial
            copying numpy/polynomial/chebyshev.py -> build/lib.linux-x86_64-3.11/numpy/polynomial
            copying numpy/polynomial/laguerre.py -> build/lib.linux-x86_64-3.11/numpy/polynomial
            copying numpy/polynomial/hermite_e.py -> build/lib.linux-x86_64-3.11/numpy/polynomial
            copying numpy/polynomial/setup.py -> build/lib.linux-x86_64-3.11/numpy/polynomial
            creating build/lib.linux-x86_64-3.11/numpy/polynomial/tests
            copying numpy/polynomial/tests/test_chebyshev.py -> build/lib.linux-x86_64-3.11/numpy/polynomial/tests
            copying numpy/polynomial/tests/test_printing.py -> build/lib.linux-x86_64-3.11/numpy/polynomial/tests
            copying numpy/polynomial/tests/test_hermite.py -> build/lib.linux-x86_64-3.11/numpy/polynomial/tests
            copying numpy/polynomial/tests/test_polyutils.py -> build/lib.linux-x86_64-3.11/numpy/polynomial/tests
            copying numpy/polynomial/tests/test_laguerre.py -> build/lib.linux-x86_64-3.11/numpy/polynomial/tests
            copying numpy/polynomial/tests/test_polynomial.py -> build/lib.linux-x86_64-3.11/numpy/polynomial/tests
            copying numpy/polynomial/tests/test_hermite_e.py -> build/lib.linux-x86_64-3.11/numpy/polynomial/tests
            copying numpy/polynomial/tests/__init__.py -> build/lib.linux-x86_64-3.11/numpy/polynomial/tests
            copying numpy/polynomial/tests/test_legendre.py -> build/lib.linux-x86_64-3.11/numpy/polynomial/tests
            copying numpy/polynomial/tests/test_classes.py -> build/lib.linux-x86_64-3.11/numpy/polynomial/tests
            creating build/lib.linux-x86_64-3.11/numpy/random
            copying numpy/random/_pickle.py -> build/lib.linux-x86_64-3.11/numpy/random
            copying numpy/random/__init__.py -> build/lib.linux-x86_64-3.11/numpy/random
            copying numpy/random/setup.py -> build/lib.linux-x86_64-3.11/numpy/random
            creating build/lib.linux-x86_64-3.11/numpy/random/tests
            copying numpy/random/tests/test_generator_mt19937_regressions.py -> build/lib.linux-x86_64-3.11/numpy/random/tests
            copying numpy/random/tests/test_randomstate_regression.py -> build/lib.linux-x86_64-3.11/numpy/random/tests
            copying numpy/random/tests/test_extending.py -> build/lib.linux-x86_64-3.11/numpy/random/tests
            copying numpy/random/tests/__init__.py -> build/lib.linux-x86_64-3.11/numpy/random/tests
            copying numpy/random/tests/test_generator_mt19937.py -> build/lib.linux-x86_64-3.11/numpy/random/tests
            copying numpy/random/tests/test_seed_sequence.py -> build/lib.linux-x86_64-3.11/numpy/random/tests
            copying numpy/random/tests/test_randomstate.py -> build/lib.linux-x86_64-3.11/numpy/random/tests
            copying numpy/random/tests/test_regression.py -> build/lib.linux-x86_64-3.11/numpy/random/tests
            copying numpy/random/tests/test_direct.py -> build/lib.linux-x86_64-3.11/numpy/random/tests
            copying numpy/random/tests/test_smoke.py -> build/lib.linux-x86_64-3.11/numpy/random/tests
            copying numpy/random/tests/test_random.py -> build/lib.linux-x86_64-3.11/numpy/random/tests
            creating build/lib.linux-x86_64-3.11/numpy/testing
            copying numpy/testing/utils.py -> build/lib.linux-x86_64-3.11/numpy/testing
            copying numpy/testing/__init__.py -> build/lib.linux-x86_64-3.11/numpy/testing
            copying numpy/testing/print_coercion_tables.py -> build/lib.linux-x86_64-3.11/numpy/testing
            copying numpy/testing/setup.py -> build/lib.linux-x86_64-3.11/numpy/testing
            creating build/lib.linux-x86_64-3.11/numpy/testing/_private
            copying numpy/testing/_private/utils.py -> build/lib.linux-x86_64-3.11/numpy/testing/_private
            copying numpy/testing/_private/nosetester.py -> build/lib.linux-x86_64-3.11/numpy/testing/_private
            copying numpy/testing/_private/parameterized.py -> build/lib.linux-x86_64-3.11/numpy/testing/_private
            copying numpy/testing/_private/decorators.py -> build/lib.linux-x86_64-3.11/numpy/testing/_private
            copying numpy/testing/_private/noseclasses.py -> build/lib.linux-x86_64-3.11/numpy/testing/_private
            copying numpy/testing/_private/__init__.py -> build/lib.linux-x86_64-3.11/numpy/testing/_private
            creating build/lib.linux-x86_64-3.11/numpy/testing/tests
            copying numpy/testing/tests/test_utils.py -> build/lib.linux-x86_64-3.11/numpy/testing/tests
            copying numpy/testing/tests/test_decorators.py -> build/lib.linux-x86_64-3.11/numpy/testing/tests
            copying numpy/testing/tests/__init__.py -> build/lib.linux-x86_64-3.11/numpy/testing/tests
            copying numpy/testing/tests/test_doctesting.py -> build/lib.linux-x86_64-3.11/numpy/testing/tests
            creating build/lib.linux-x86_64-3.11/numpy/tests
            copying numpy/tests/test_numpy_version.py -> build/lib.linux-x86_64-3.11/numpy/tests
            copying numpy/tests/test_reloading.py -> build/lib.linux-x86_64-3.11/numpy/tests
            copying numpy/tests/test_warnings.py -> build/lib.linux-x86_64-3.11/numpy/tests
            copying numpy/tests/test_ctypeslib.py -> build/lib.linux-x86_64-3.11/numpy/tests
            copying numpy/tests/__init__.py -> build/lib.linux-x86_64-3.11/numpy/tests
            copying numpy/tests/test_matlib.py -> build/lib.linux-x86_64-3.11/numpy/tests
            copying numpy/tests/test_public_api.py -> build/lib.linux-x86_64-3.11/numpy/tests
            copying numpy/tests/test_scripts.py -> build/lib.linux-x86_64-3.11/numpy/tests
            running build_clib
            customize UnixCCompiler
            customize UnixCCompiler using new_build_clib
            building 'npymath' library
            compiling C sources
            C compiler: gcc -Wsign-compare -DNDEBUG -g -fwrapv -O3 -Wall -fPIC
      
            creating build/temp.linux-x86_64-3.11
            creating build/temp.linux-x86_64-3.11/numpy
            creating build/temp.linux-x86_64-3.11/numpy/core
            creating build/temp.linux-x86_64-3.11/numpy/core/src
            creating build/temp.linux-x86_64-3.11/numpy/core/src/npymath
            creating build/temp.linux-x86_64-3.11/build
            creating build/temp.linux-x86_64-3.11/build/src.linux-x86_64-3.11
            creating build/temp.linux-x86_64-3.11/build/src.linux-x86_64-3.11/numpy
            creating build/temp.linux-x86_64-3.11/build/src.linux-x86_64-3.11/numpy/core
            creating build/temp.linux-x86_64-3.11/build/src.linux-x86_64-3.11/numpy/core/src
            creating build/temp.linux-x86_64-3.11/build/src.linux-x86_64-3.11/numpy/core/src/npymath
            compile options: '-Ibuild/src.linux-x86_64-3.11/numpy/core/src/npymath -Inumpy/core/include -Ibuild/src.linux-x86_64-3.11/numpy/core/include/numpy -Inumpy/core/src/common -Inumpy/core/src -Inumpy/core -Inumpy/core/src/npymath -Inumpy/core/src/multiarray -Inumpy/core/src/umath -Inumpy/core/src/npysort -I/opt/render/project/src/.venv/include -I/usr/local/include/python3.11 -Ibuild/src.linux-x86_64-3.11/numpy/core/src/common -Ibuild/src.linux-x86_64-3.11/numpy/core/src/npymath -c'
            extra options: '-std=c99'
            gcc: numpy/core/src/npymath/npy_math.c
            gcc: build/src.linux-x86_64-3.11/numpy/core/src/npymath/ieee754.c
            gcc: build/src.linux-x86_64-3.11/numpy/core/src/npymath/npy_math_complex.c
            gcc: numpy/core/src/npymath/halffloat.c
            ar: adding 4 object files to build/temp.linux-x86_64-3.11/libnpymath.a
            building 'npysort' library
            compiling C sources
            C compiler: gcc -Wsign-compare -DNDEBUG -g -fwrapv -O3 -Wall -fPIC
      
            creating build/temp.linux-x86_64-3.11/build/src.linux-x86_64-3.11/numpy/core/src/npysort
            compile options: '-Ibuild/src.linux-x86_64-3.11/numpy/core/src/common -Inumpy/core/include -Ibuild/src.linux-x86_64-3.11/numpy/core/include/numpy -Inumpy/core/src/common -Inumpy/core/src -Inumpy/core -Inumpy/core/src/npymath -Inumpy/core/src/multiarray -Inumpy/core/src/umath -Inumpy/core/src/npysort -I/opt/render/project/src/.venv/include -I/usr/local/include/python3.11 -Ibuild/src.linux-x86_64-3.11/numpy/core/src/common -Ibuild/src.linux-x86_64-3.11/numpy/core/src/npymath -c'
            extra options: '-std=c99'
            gcc: build/src.linux-x86_64-3.11/numpy/core/src/npysort/quicksort.c
            gcc: build/src.linux-x86_64-3.11/numpy/core/src/npysort/mergesort.c
            gcc: build/src.linux-x86_64-3.11/numpy/core/src/npysort/radixsort.c
            gcc: build/src.linux-x86_64-3.11/numpy/core/src/npysort/heapsort.c
            gcc: build/src.linux-x86_64-3.11/numpy/core/src/npysort/timsort.c
            gcc: build/src.linux-x86_64-3.11/numpy/core/src/npysort/selection.c
            gcc: build/src.linux-x86_64-3.11/numpy/core/src/npysort/binsearch.c
            ar: adding 7 object files to build/temp.linux-x86_64-3.11/libnpysort.a
            building 'npyrandom' library
            compiling C sources
            C compiler: gcc -Wsign-compare -DNDEBUG -g -fwrapv -O3 -Wall -fPIC
      
            creating build/temp.linux-x86_64-3.11/numpy/random
            creating build/temp.linux-x86_64-3.11/numpy/random/src
            creating build/temp.linux-x86_64-3.11/numpy/random/src/distributions
            compile options: '-Inumpy/core/include -Ibuild/src.linux-x86_64-3.11/numpy/core/include/numpy -Inumpy/core/src/common -Inumpy/core/src -Inumpy/core -Inumpy/core/src/npymath -Inumpy/core/src/multiarray -Inumpy/core/src/umath -Inumpy/core/src/npysort -I/opt/render/project/src/.venv/include -I/usr/local/include/python3.11 -Ibuild/src.linux-x86_64-3.11/numpy/core/src/common -Ibuild/src.linux-x86_64-3.11/numpy/core/src/npymath -c'
            extra options: '-std=c99'
            gcc: numpy/random/src/distributions/distributions.c
            gcc: numpy/random/src/distributions/logfactorial.c
            gcc: numpy/random/src/distributions/random_mvhg_marginals.c
            gcc: numpy/random/src/distributions/random_hypergeometric.c
            gcc: numpy/random/src/distributions/random_mvhg_count.c
            ar: adding 5 object files to build/temp.linux-x86_64-3.11/libnpyrandom.a
            running build_ext
            customize UnixCCompiler
            customize UnixCCompiler using new_build_ext
            building 'numpy.core._multiarray_tests' extension
            compiling C sources
            C compiler: gcc -Wsign-compare -DNDEBUG -g -fwrapv -O3 -Wall -fPIC
      
            creating build/temp.linux-x86_64-3.11/build/src.linux-x86_64-3.11/numpy/core/src/multiarray
            creating build/temp.linux-x86_64-3.11/numpy/core/src/common
            compile options: '-DNPY_INTERNAL_BUILD=1 -DHAVE_NPY_CONFIG_H=1 -D_FILE_OFFSET_BITS=64 -D_LARGEFILE_SOURCE=1 -D_LARGEFILE64_SOURCE=1 -Inumpy/core/include -Ibuild/src.linux-x86_64-3.11/numpy/core/include/numpy -Inumpy/core/src/common -Inumpy/core/src -Inumpy/core -Inumpy/core/src/npymath -Inumpy/core/src/multiarray -Inumpy/core/src/umath -Inumpy/core/src/npysort -I/opt/render/project/src/.venv/include -I/usr/local/include/python3.11 -Ibuild/src.linux-x86_64-3.11/numpy/core/src/common -Ibuild/src.linux-x86_64-3.11/numpy/core/src/npymath -c'
            extra options: '-std=c99'
            gcc: build/src.linux-x86_64-3.11/numpy/core/src/multiarray/_multiarray_tests.c
            gcc: numpy/core/src/common/mem_overlap.c
            gcc -shared build/temp.linux-x86_64-3.11/build/src.linux-x86_64-3.11/numpy/core/src/multiarray/_multiarray_tests.o build/temp.linux-x86_64-3.11/numpy/core/src/common/mem_overlap.o -L/usr/local/lib -Lbuild/temp.linux-x86_64-3.11 -lnpymath -o build/lib.linux-x86_64-3.11/numpy/core/_multiarray_tests.cpython-311-x86_64-linux-gnu.so
            building 'numpy.core._multiarray_umath' extension
            compiling C sources
            C compiler: gcc -Wsign-compare -DNDEBUG -g -fwrapv -O3 -Wall -fPIC
      
            creating build/temp.linux-x86_64-3.11/numpy/core/src/multiarray
            creating build/temp.linux-x86_64-3.11/numpy/core/src/umath
            creating build/temp.linux-x86_64-3.11/build/src.linux-x86_64-3.11/numpy/core/src/umath
            creating build/temp.linux-x86_64-3.11/build/src.linux-x86_64-3.11/numpy/core/src/common
            compile options: '-DNPY_INTERNAL_BUILD=1 -DHAVE_NPY_CONFIG_H=1 -D_FILE_OFFSET_BITS=64 -D_LARGEFILE_SOURCE=1 -D_LARGEFILE64_SOURCE=1 -DNO_ATLAS_INFO=1 -DHAVE_CBLAS -I/usr/local/include -I/usr/include -I/opt/render/project/src/.venv/include -Ibuild/src.linux-x86_64-3.11/numpy/core/src/umath -Ibuild/src.linux-x86_64-3.11/numpy/core/src/npymath -Ibuild/src.linux-x86_64-3.11/numpy/core/src/common -Inumpy/core/include -Ibuild/src.linux-x86_64-3.11/numpy/core/include/numpy -Inumpy/core/src/common -Inumpy/core/src -Inumpy/core -Inumpy/core/src/npymath -Inumpy/core/src/multiarray -Inumpy/core/src/umath -Inumpy/core/src/npysort -I/opt/render/project/src/.venv/include -I/usr/local/include/python3.11 -Ibuild/src.linux-x86_64-3.11/numpy/core/src/common -Ibuild/src.linux-x86_64-3.11/numpy/core/src/npymath -c'
            extra options: '-std=c99'
            gcc: numpy/core/src/multiarray/alloc.c
            gcc: numpy/core/src/multiarray/array_assign_scalar.c
            gcc: numpy/core/src/multiarray/common.c
            gcc: numpy/core/src/multiarray/buffer.c
            gcc: numpy/core/src/multiarray/datetime_strings.c
            gcc: numpy/core/src/multiarray/descriptor.c
            gcc: numpy/core/src/multiarray/conversion_utils.c
            gcc: build/src.linux-x86_64-3.11/numpy/core/src/multiarray/einsum.c
            In function ‘PyDataMem_FREE’,
                inlined from ‘PyDataMem_FREE’ at numpy/core/src/multiarray/alloc.c:291:1,
                inlined from ‘_npy_free_cache’ at numpy/core/src/multiarray/alloc.c:133:5,
                inlined from ‘npy_free_cache’ at numpy/core/src/multiarray/alloc.c:168:5:
            numpy/core/src/multiarray/alloc.c:299:14: warning: pointer ‘p’ may be used after ‘free’ [-Wuse-after-free]
              299 |             (*_PyDataMem_eventhook)(ptr, NULL, 0,
                  |             ~^~~~~~~~~~~~~~~~~~~~~~~~~~~~~~~~~~~~
              300 |                                     _PyDataMem_eventhook_user_data);
                  |                                     ~~~~~~~~~~~~~~~~~~~~~~~~~~~~~~~
            In function ‘PyDataMem_FREE’,
                inlined from ‘_npy_free_cache’ at numpy/core/src/multiarray/alloc.c:133:5,
                inlined from ‘npy_free_cache’ at numpy/core/src/multiarray/alloc.c:168:5:
            numpy/core/src/multiarray/alloc.c:294:5: note: call to ‘free’ here
              294 |     free(ptr);
                  |     ^~~~~~~~~
            In function ‘PyDataMem_FREE’,
                inlined from ‘PyDataMem_FREE’ at numpy/core/src/multiarray/alloc.c:291:1:
            numpy/core/src/multiarray/alloc.c:299:14: warning: pointer ‘ptr’ may be used after ‘free’ [-Wuse-after-free]
              299 |             (*_PyDataMem_eventhook)(ptr, NULL, 0,
                  |             ~^~~~~~~~~~~~~~~~~~~~~~~~~~~~~~~~~~~~
              300 |                                     _PyDataMem_eventhook_user_data);
                  |                                     ~~~~~~~~~~~~~~~~~~~~~~~~~~~~~~~
            numpy/core/src/multiarray/alloc.c: In function ‘PyDataMem_FREE’:
            numpy/core/src/multiarray/alloc.c:294:5: note: call to ‘free’ here
              294 |     free(ptr);
                  |     ^~~~~~~~~
            numpy/core/src/multiarray/alloc.c: In function ‘PyDataMem_RENEW’:
            numpy/core/src/multiarray/alloc.c:317:9: warning: pointer ‘ptr’ may be used after ‘realloc’ [-Wuse-after-free]
              317 |         PyTraceMalloc_Untrack(NPY_TRACE_DOMAIN, (npy_uintp)ptr);
                  |         ^~~~~~~~~~~~~~~~~~~~~~~~~~~~~~~~~~~~~~~~~~~~~~~~~~~~~~~
            numpy/core/src/multiarray/alloc.c:315:14: note: call to ‘realloc’ here
              315 |     result = realloc(ptr, size);
                  |              ^~~~~~~~~~~~~~~~~~
            numpy/core/src/multiarray/alloc.c:324:14: warning: pointer ‘ptr’ may be used after ‘realloc’ [-Wuse-after-free]
              324 |             (*_PyDataMem_eventhook)(ptr, result, size,
                  |             ~^~~~~~~~~~~~~~~~~~~~~~~~~~~~~~~~~~~~~~~~~
              325 |                                     _PyDataMem_eventhook_user_data);
                  |                                     ~~~~~~~~~~~~~~~~~~~~~~~~~~~~~~~
            numpy/core/src/multiarray/alloc.c:315:14: note: call to ‘realloc’ here
              315 |     result = realloc(ptr, size);
                  |              ^~~~~~~~~~~~~~~~~~
            gcc: numpy/core/src/multiarray/arrayobject.c
            gcc: numpy/core/src/multiarray/array_assign_array.c
            gcc: numpy/core/src/multiarray/convert.c
            gcc: numpy/core/src/multiarray/datetime_busday.c
            gcc: numpy/core/src/multiarray/ctors.c
            gcc: numpy/core/src/multiarray/arrayfunction_override.c
            gcc: numpy/core/src/multiarray/calculation.c
            gcc: numpy/core/src/multiarray/convert_datatype.c
            gcc: numpy/core/src/multiarray/hashdescr.c
            gcc: numpy/core/src/multiarray/datetime_busdaycal.c
            gcc: numpy/core/src/multiarray/item_selection.c
            gcc: numpy/core/src/multiarray/compiled_base.c
            gcc: build/src.linux-x86_64-3.11/numpy/core/src/multiarray/lowlevel_strided_loops.c
            gcc: numpy/core/src/multiarray/dragon4.c
            gcc: build/src.linux-x86_64-3.11/numpy/core/src/multiarray/arraytypes.c
            gcc: numpy/core/src/multiarray/multiarraymodule.c
            numpy/core/src/multiarray/ctors.c: In function ‘array_from_text.constprop’:
            numpy/core/src/multiarray/ctors.c:3660:8: warning: ‘stop_reading_flag’ may be used uninitialized [-Wmaybe-uninitialized]
             3660 |     if (stop_reading_flag == -2) {
                  |        ^
            numpy/core/src/multiarray/ctors.c:3584:9: note: ‘stop_reading_flag’ was declared here
             3584 |     int stop_reading_flag;  /* -1 indicates end reached; -2 a parsing error */
                  |         ^~~~~~~~~~~~~~~~~
            gcc: numpy/core/src/multiarray/datetime.c
            gcc: numpy/core/src/multiarray/dtype_transfer.c
            gcc: numpy/core/src/multiarray/nditer_constr.c
            numpy/core/src/multiarray/nditer_constr.c: In function ‘npyiter_replace_axisdata’:
            numpy/core/src/multiarray/nditer_constr.c:1992:33: warning: writing 8 bytes into a region of size 0 [-Wstringop-overflow=]
             1992 |     NIT_RESETDATAPTR(iter)[iop] = op_dataptr;
            In file included from numpy/core/src/multiarray/nditer_constr.c:16:
            numpy/core/src/multiarray/nditer_impl.h:148:10: note: at offset [32, 4112] into destination object ‘iter_flexdata’ of size 1
              148 |     char iter_flexdata;
                  |          ^~~~~~~~~~~~~
            numpy/core/src/multiarray/nditer_constr.c:1993:32: warning: writing 8 bytes into a region of size 0 [-Wstringop-overflow=]
             1993 |     NIT_BASEOFFSETS(iter)[iop] = baseoffset;
            numpy/core/src/multiarray/nditer_impl.h:148:10: note: at offset [40, 6160] into destination object ‘iter_flexdata’ of size 1
              148 |     char iter_flexdata;
                  |          ^~~~~~~~~~~~~
            numpy/core/src/multiarray/nditer_constr.c: In function ‘npyiter_reverse_axis_ordering’:
            numpy/core/src/multiarray/nditer_constr.c:2235:15: warning: writing 1 byte into a region of size 0 [-Wstringop-overflow=]
             2235 |         *perm = (npy_int8)i;
                  |         ~~~~~~^~~~~~~~~~~~~
            numpy/core/src/multiarray/nditer_impl.h:148:10: note: at offset [17, 241] into destination object ‘iter_flexdata’ of size 1
              148 |     char iter_flexdata;
                  |          ^~~~~~~~~~~~~
            numpy/core/src/multiarray/nditer_impl.h:148:10: note: at offset 1 into destination object ‘iter_flexdata’ of size 1
            numpy/core/src/multiarray/nditer_constr.c:2235:15: warning: writing 1 byte into a region of size 0 [-Wstringop-overflow=]
             2235 |         *perm = (npy_int8)i;
                  |         ~~~~~~^~~~~~~~~~~~~
            numpy/core/src/multiarray/nditer_impl.h:148:10: note: at offset [18, 242] into destination object ‘iter_flexdata’ of size 1
              148 |     char iter_flexdata;
                  |          ^~~~~~~~~~~~~
            numpy/core/src/multiarray/nditer_impl.h:148:10: note: at offset 2 into destination object ‘iter_flexdata’ of size 1
            numpy/core/src/multiarray/nditer_constr.c:2235:15: warning: writing 1 byte into a region of size 0 [-Wstringop-overflow=]
             2235 |         *perm = (npy_int8)i;
                  |         ~~~~~~^~~~~~~~~~~~~
            numpy/core/src/multiarray/nditer_impl.h:148:10: note: at offset [19, 243] into destination object ‘iter_flexdata’ of size 1
              148 |     char iter_flexdata;
                  |          ^~~~~~~~~~~~~
            numpy/core/src/multiarray/nditer_impl.h:148:10: note: at offset 3 into destination object ‘iter_flexdata’ of size 1
            numpy/core/src/multiarray/nditer_constr.c:2235:15: warning: writing 1 byte into a region of size 0 [-Wstringop-overflow=]
             2235 |         *perm = (npy_int8)i;
                  |         ~~~~~~^~~~~~~~~~~~~
            numpy/core/src/multiarray/nditer_impl.h:148:10: note: at offset [20, 244] into destination object ‘iter_flexdata’ of size 1
              148 |     char iter_flexdata;
                  |          ^~~~~~~~~~~~~
            numpy/core/src/multiarray/nditer_impl.h:148:10: note: at offset 4 into destination object ‘iter_flexdata’ of size 1
            numpy/core/src/multiarray/nditer_constr.c:2235:15: warning: writing 1 byte into a region of size 0 [-Wstringop-overflow=]
             2235 |         *perm = (npy_int8)i;
                  |         ~~~~~~^~~~~~~~~~~~~
            numpy/core/src/multiarray/nditer_impl.h:148:10: note: at offset [21, 245] into destination object ‘iter_flexdata’ of size 1
              148 |     char iter_flexdata;
                  |          ^~~~~~~~~~~~~
            numpy/core/src/multiarray/nditer_impl.h:148:10: note: at offset 5 into destination object ‘iter_flexdata’ of size 1
            numpy/core/src/multiarray/nditer_constr.c:2235:15: warning: writing 1 byte into a region of size 0 [-Wstringop-overflow=]
             2235 |         *perm = (npy_int8)i;
                  |         ~~~~~~^~~~~~~~~~~~~
            numpy/core/src/multiarray/nditer_impl.h:148:10: note: at offset [22, 246] into destination object ‘iter_flexdata’ of size 1
              148 |     char iter_flexdata;
                  |          ^~~~~~~~~~~~~
            numpy/core/src/multiarray/nditer_impl.h:148:10: note: at offset 6 into destination object ‘iter_flexdata’ of size 1
            numpy/core/src/multiarray/nditer_constr.c:2235:15: warning: writing 1 byte into a region of size 0 [-Wstringop-overflow=]
             2235 |         *perm = (npy_int8)i;
                  |         ~~~~~~^~~~~~~~~~~~~
            numpy/core/src/multiarray/nditer_impl.h:148:10: note: at offset [23, 247] into destination object ‘iter_flexdata’ of size 1
              148 |     char iter_flexdata;
                  |          ^~~~~~~~~~~~~
            numpy/core/src/multiarray/nditer_impl.h:148:10: note: at offset 7 into destination object ‘iter_flexdata’ of size 1
            numpy/core/src/multiarray/nditer_constr.c:2235:15: warning: writing 1 byte into a region of size 0 [-Wstringop-overflow=]
             2235 |         *perm = (npy_int8)i;
                  |         ~~~~~~^~~~~~~~~~~~~
            numpy/core/src/multiarray/nditer_impl.h:148:10: note: at offset [24, 248] into destination object ‘iter_flexdata’ of size 1
              148 |     char iter_flexdata;
                  |          ^~~~~~~~~~~~~
            numpy/core/src/multiarray/nditer_impl.h:148:10: note: at offset 8 into destination object ‘iter_flexdata’ of size 1
            numpy/core/src/multiarray/nditer_constr.c:2235:15: warning: writing 1 byte into a region of size 0 [-Wstringop-overflow=]
             2235 |         *perm = (npy_int8)i;
                  |         ~~~~~~^~~~~~~~~~~~~
            numpy/core/src/multiarray/nditer_impl.h:148:10: note: at offset [25, 249] into destination object ‘iter_flexdata’ of size 1
              148 |     char iter_flexdata;
                  |          ^~~~~~~~~~~~~
            numpy/core/src/multiarray/nditer_impl.h:148:10: note: at offset 9 into destination object ‘iter_flexdata’ of size 1
            numpy/core/src/multiarray/nditer_constr.c:2235:15: warning: writing 1 byte into a region of size 0 [-Wstringop-overflow=]
             2235 |         *perm = (npy_int8)i;
                  |         ~~~~~~^~~~~~~~~~~~~
            numpy/core/src/multiarray/nditer_impl.h:148:10: note: at offset [26, 250] into destination object ‘iter_flexdata’ of size 1
              148 |     char iter_flexdata;
                  |          ^~~~~~~~~~~~~
            numpy/core/src/multiarray/nditer_impl.h:148:10: note: at offset 10 into destination object ‘iter_flexdata’ of size 1
            numpy/core/src/multiarray/nditer_constr.c:2235:15: warning: writing 1 byte into a region of size 0 [-Wstringop-overflow=]
             2235 |         *perm = (npy_int8)i;
                  |         ~~~~~~^~~~~~~~~~~~~
            numpy/core/src/multiarray/nditer_impl.h:148:10: note: at offset [27, 251] into destination object ‘iter_flexdata’ of size 1
              148 |     char iter_flexdata;
                  |          ^~~~~~~~~~~~~
            numpy/core/src/multiarray/nditer_impl.h:148:10: note: at offset 11 into destination object ‘iter_flexdata’ of size 1
            numpy/core/src/multiarray/nditer_constr.c:2235:15: warning: writing 1 byte into a region of size 0 [-Wstringop-overflow=]
             2235 |         *perm = (npy_int8)i;
                  |         ~~~~~~^~~~~~~~~~~~~
            numpy/core/src/multiarray/nditer_impl.h:148:10: note: at offset [28, 252] into destination object ‘iter_flexdata’ of size 1
              148 |     char iter_flexdata;
                  |          ^~~~~~~~~~~~~
            numpy/core/src/multiarray/nditer_impl.h:148:10: note: at offset 12 into destination object ‘iter_flexdata’ of size 1
            numpy/core/src/multiarray/nditer_constr.c:2235:15: warning: writing 1 byte into a region of size 0 [-Wstringop-overflow=]
             2235 |         *perm = (npy_int8)i;
                  |         ~~~~~~^~~~~~~~~~~~~
            numpy/core/src/multiarray/nditer_impl.h:148:10: note: at offset [29, 253] into destination object ‘iter_flexdata’ of size 1
              148 |     char iter_flexdata;
                  |          ^~~~~~~~~~~~~
            numpy/core/src/multiarray/nditer_impl.h:148:10: note: at offset 13 into destination object ‘iter_flexdata’ of size 1
            numpy/core/src/multiarray/nditer_constr.c:2235:15: warning: writing 1 byte into a region of size 0 [-Wstringop-overflow=]
             2235 |         *perm = (npy_int8)i;
                  |         ~~~~~~^~~~~~~~~~~~~
            numpy/core/src/multiarray/nditer_impl.h:148:10: note: at offset [30, 254] into destination object ‘iter_flexdata’ of size 1
              148 |     char iter_flexdata;
                  |          ^~~~~~~~~~~~~
            numpy/core/src/multiarray/nditer_impl.h:148:10: note: at offset 14 into destination object ‘iter_flexdata’ of size 1
            gcc: numpy/core/src/multiarray/iterators.c
            numpy/core/src/multiarray/nditer_constr.c: In function ‘NpyIter_AdvancedNew’:
            numpy/core/src/multiarray/nditer_constr.c:283:20: warning: writing 1 byte into a region of size 0 [-Wstringop-overflow=]
              283 |         perm[idim] = (npy_int8)idim;
                  |         ~~~~~~~~~~~^~~~~~~~~~~~~~~~
            numpy/core/src/multiarray/nditer_impl.h:148:10: note: at offset 1 into destination object ‘iter_flexdata’ of size 1
              148 |     char iter_flexdata;
                  |          ^~~~~~~~~~~~~
            numpy/core/src/multiarray/nditer_constr.c:283:20: warning: writing 1 byte into a region of size 0 [-Wstringop-overflow=]
              283 |         perm[idim] = (npy_int8)idim;
                  |         ~~~~~~~~~~~^~~~~~~~~~~~~~~~
            numpy/core/src/multiarray/nditer_impl.h:148:10: note: at offset [2, 2147483646] into destination object ‘iter_flexdata’ of size 1
              148 |     char iter_flexdata;
                  |          ^~~~~~~~~~~~~
            numpy/core/src/multiarray/nditer_constr.c:283:20: warning: writing 1 byte into a region of size 0 [-Wstringop-overflow=]
              283 |         perm[idim] = (npy_int8)idim;
                  |         ~~~~~~~~~~~^~~~~~~~~~~~~~~~
            numpy/core/src/multiarray/nditer_impl.h:148:10: note: at offset [3, 2147483646] into destination object ‘iter_flexdata’ of size 1
              148 |     char iter_flexdata;
                  |          ^~~~~~~~~~~~~
            numpy/core/src/multiarray/nditer_constr.c:283:20: warning: writing 1 byte into a region of size 0 [-Wstringop-overflow=]
              283 |         perm[idim] = (npy_int8)idim;
                  |         ~~~~~~~~~~~^~~~~~~~~~~~~~~~
            numpy/core/src/multiarray/nditer_impl.h:148:10: note: at offset [4, 2147483646] into destination object ‘iter_flexdata’ of size 1
              148 |     char iter_flexdata;
                  |          ^~~~~~~~~~~~~
            numpy/core/src/multiarray/nditer_constr.c:283:20: warning: writing 1 byte into a region of size 0 [-Wstringop-overflow=]
              283 |         perm[idim] = (npy_int8)idim;
                  |         ~~~~~~~~~~~^~~~~~~~~~~~~~~~
            numpy/core/src/multiarray/nditer_impl.h:148:10: note: at offset [5, 2147483646] into destination object ‘iter_flexdata’ of size 1
              148 |     char iter_flexdata;
                  |          ^~~~~~~~~~~~~
            numpy/core/src/multiarray/nditer_constr.c:283:20: warning: writing 1 byte into a region of size 0 [-Wstringop-overflow=]
              283 |         perm[idim] = (npy_int8)idim;
                  |         ~~~~~~~~~~~^~~~~~~~~~~~~~~~
            numpy/core/src/multiarray/nditer_impl.h:148:10: note: at offset [6, 2147483646] into destination object ‘iter_flexdata’ of size 1
              148 |     char iter_flexdata;
                  |          ^~~~~~~~~~~~~
            In function ‘npyiter_replace_axisdata’,
                inlined from ‘npyiter_allocate_arrays’ at numpy/core/src/multiarray/nditer_constr.c:2873:13,
                inlined from ‘NpyIter_AdvancedNew’ at numpy/core/src/multiarray/nditer_constr.c:403:10:
            numpy/core/src/multiarray/nditer_constr.c:1993:32: warning: writing 8 bytes into a region of size 0 [-Wstringop-overflow=]
             1993 |     NIT_BASEOFFSETS(iter)[iop] = baseoffset;
            numpy/core/src/multiarray/nditer_impl.h: In function ‘NpyIter_AdvancedNew’:
            numpy/core/src/multiarray/nditer_impl.h:148:10: note: at offset [40, 6152] into destination object ‘iter_flexdata’ of size 1
              148 |     char iter_flexdata;
                  |          ^~~~~~~~~~~~~
            gcc: numpy/core/src/multiarray/refcount.c
            gcc: numpy/core/src/multiarray/scalarapi.c
            numpy/core/src/multiarray/scalarapi.c: In function ‘PyArray_Scalar’:
            numpy/core/src/multiarray/scalarapi.c:759:13: warning: ‘ob_shash’ is deprecated [-Wdeprecated-declarations]
              759 |             ((PyStringObject *)obj)->ob_shash = -1;
                  |             ^
            In file included from /usr/local/include/python3.11/bytesobject.h:62,
                             from /usr/local/include/python3.11/Python.h:50,
                             from numpy/core/src/multiarray/scalarapi.c:2:
            /usr/local/include/python3.11/cpython/bytesobject.h:7:35: note: declared here
                7 |     Py_DEPRECATED(3.11) Py_hash_t ob_shash;
                  |                                   ^~~~~~~~
            gcc: numpy/core/src/multiarray/temp_elide.c
            gcc: numpy/core/src/multiarray/sequence.c
            gcc: numpy/core/src/multiarray/nditer_pywrap.c
            gcc: numpy/core/src/multiarray/shape.c
            gcc: numpy/core/src/multiarray/typeinfo.c
            gcc: build/src.linux-x86_64-3.11/numpy/core/src/multiarray/scalartypes.c
            gcc: numpy/core/src/multiarray/usertypes.c
            numpy/core/src/multiarray/scalartypes.c.src: In function ‘float_arrtype_hash’:
            numpy/core/src/multiarray/scalartypes.c.src:2967:27: error: incompatible type for argument 1 of ‘_Py_HashDouble’
             2967 |     return _Py_HashDouble((double) PyArrayScalar_VAL(obj, @name@));
            In file included from /usr/local/include/python3.11/Python.h:47,
                             from numpy/core/src/multiarray/scalartypes.c.src:3:
            /usr/local/include/python3.11/pyhash.h:10:38: note: expected ‘PyObject *’ {aka ‘struct _object *’} but argument is of type ‘double’
               10 | PyAPI_FUNC(Py_hash_t) _Py_HashDouble(PyObject *, double);
                  |                                      ^~~~~~~~~~
            numpy/core/src/multiarray/scalartypes.c.src:2967:12: error: too few arguments to function ‘_Py_HashDouble’
             2967 |     return _Py_HashDouble((double) PyArrayScalar_VAL(obj, @name@));
                  |            ^~~~~~~~~~~~~~
            /usr/local/include/python3.11/pyhash.h:10:23: note: declared here
               10 | PyAPI_FUNC(Py_hash_t) _Py_HashDouble(PyObject *, double);
                  |                       ^~~~~~~~~~~~~~
            numpy/core/src/multiarray/scalartypes.c.src: In function ‘cfloat_arrtype_hash’:
            numpy/core/src/multiarray/scalartypes.c.src:2975:31: error: incompatible type for argument 1 of ‘_Py_HashDouble’
             2975 |     hashreal = _Py_HashDouble((double)
                  |                               ^~~~~~~~
                  |                               |
                  |                               double
             2976 |             PyArrayScalar_VAL(obj, C@name@).real);
                  |             ~~~~~~~~~~~~~~~~~~~~~~~~~~~~~~~~~~~
            /usr/local/include/python3.11/pyhash.h:10:38: note: expected ‘PyObject *’ {aka ‘struct _object *’} but argument is of type ‘double’
               10 | PyAPI_FUNC(Py_hash_t) _Py_HashDouble(PyObject *, double);
                  |                                      ^~~~~~~~~~
            numpy/core/src/multiarray/scalartypes.c.src:2975:16: error: too few arguments to function ‘_Py_HashDouble’
             2975 |     hashreal = _Py_HashDouble((double)
                  |                ^~~~~~~~~~~~~~
            /usr/local/include/python3.11/pyhash.h:10:23: note: declared here
               10 | PyAPI_FUNC(Py_hash_t) _Py_HashDouble(PyObject *, double);
                  |                       ^~~~~~~~~~~~~~
            numpy/core/src/multiarray/scalartypes.c.src:2981:31: error: incompatible type for argument 1 of ‘_Py_HashDouble’
             2981 |     hashimag = _Py_HashDouble((double)
                  |                               ^~~~~~~~
                  |                               |
                  |                               double
             2982 |             PyArrayScalar_VAL(obj, C@name@).imag);
                  |             ~~~~~~~~~~~~~~~~~~~~~~~~~~~~~~~~~~~
            /usr/local/include/python3.11/pyhash.h:10:38: note: expected ‘PyObject *’ {aka ‘struct _object *’} but argument is of type ‘double’
               10 | PyAPI_FUNC(Py_hash_t) _Py_HashDouble(PyObject *, double);
                  |                                      ^~~~~~~~~~
            numpy/core/src/multiarray/scalartypes.c.src:2981:16: error: too few arguments to function ‘_Py_HashDouble’
             2981 |     hashimag = _Py_HashDouble((double)
                  |                ^~~~~~~~~~~~~~
            /usr/local/include/python3.11/pyhash.h:10:23: note: declared here
               10 | PyAPI_FUNC(Py_hash_t) _Py_HashDouble(PyObject *, double);
                  |                       ^~~~~~~~~~~~~~
            numpy/core/src/multiarray/scalartypes.c.src: In function ‘longdouble_arrtype_hash’:
            numpy/core/src/multiarray/scalartypes.c.src:2967:27: error: incompatible type for argument 1 of ‘_Py_HashDouble’
             2967 |     return _Py_HashDouble((double) PyArrayScalar_VAL(obj, @name@));
            /usr/local/include/python3.11/pyhash.h:10:38: note: expected ‘PyObject *’ {aka ‘struct _object *’} but argument is of type ‘double’
               10 | PyAPI_FUNC(Py_hash_t) _Py_HashDouble(PyObject *, double);
                  |                                      ^~~~~~~~~~
            numpy/core/src/multiarray/scalartypes.c.src:2967:12: error: too few arguments to function ‘_Py_HashDouble’
             2967 |     return _Py_HashDouble((double) PyArrayScalar_VAL(obj, @name@));
                  |            ^~~~~~~~~~~~~~
            /usr/local/include/python3.11/pyhash.h:10:23: note: declared here
               10 | PyAPI_FUNC(Py_hash_t) _Py_HashDouble(PyObject *, double);
                  |                       ^~~~~~~~~~~~~~
            numpy/core/src/multiarray/scalartypes.c.src: In function ‘clongdouble_arrtype_hash’:
            numpy/core/src/multiarray/scalartypes.c.src:2975:31: error: incompatible type for argument 1 of ‘_Py_HashDouble’
             2975 |     hashreal = _Py_HashDouble((double)
                  |                               ^~~~~~~~
                  |                               |
                  |                               double
             2976 |             PyArrayScalar_VAL(obj, C@name@).real);
                  |             ~~~~~~~~~~~~~~~~~~~~~~~~~~~~~~~~~~~~~~
            /usr/local/include/python3.11/pyhash.h:10:38: note: expected ‘PyObject *’ {aka ‘struct _object *’} but argument is of type ‘double’
               10 | PyAPI_FUNC(Py_hash_t) _Py_HashDouble(PyObject *, double);
                  |                                      ^~~~~~~~~~
            numpy/core/src/multiarray/scalartypes.c.src:2975:16: error: too few arguments to function ‘_Py_HashDouble’
             2975 |     hashreal = _Py_HashDouble((double)
                  |                ^~~~~~~~~~~~~~
            /usr/local/include/python3.11/pyhash.h:10:23: note: declared here
               10 | PyAPI_FUNC(Py_hash_t) _Py_HashDouble(PyObject *, double);
                  |                       ^~~~~~~~~~~~~~
            numpy/core/src/multiarray/scalartypes.c.src:2981:31: error: incompatible type for argument 1 of ‘_Py_HashDouble’
             2981 |     hashimag = _Py_HashDouble((double)
                  |                               ^~~~~~~~
                  |                               |
                  |                               double
             2982 |             PyArrayScalar_VAL(obj, C@name@).imag);
                  |             ~~~~~~~~~~~~~~~~~~~~~~~~~~~~~~~~~~~~~~
            /usr/local/include/python3.11/pyhash.h:10:38: note: expected ‘PyObject *’ {aka ‘struct _object *’} but argument is of type ‘double’
               10 | PyAPI_FUNC(Py_hash_t) _Py_HashDouble(PyObject *, double);
                  |                                      ^~~~~~~~~~
            numpy/core/src/multiarray/scalartypes.c.src:2981:16: error: too few arguments to function ‘_Py_HashDouble’
             2981 |     hashimag = _Py_HashDouble((double)
                  |                ^~~~~~~~~~~~~~
            /usr/local/include/python3.11/pyhash.h:10:23: note: declared here
               10 | PyAPI_FUNC(Py_hash_t) _Py_HashDouble(PyObject *, double);
                  |                       ^~~~~~~~~~~~~~
            numpy/core/src/multiarray/scalartypes.c.src: In function ‘half_arrtype_hash’:
            numpy/core/src/multiarray/scalartypes.c.src:2997:27: error: incompatible type for argument 1 of ‘_Py_HashDouble’
             2997 |     return _Py_HashDouble(npy_half_to_double(PyArrayScalar_VAL(obj, Half)));
                  |                           ^~~~~~~~~~~~~~~~~~~~~~~~~~~~~~~~~~~~~~~~~~~~~~~~
                  |                           |
                  |                           double
            /usr/local/include/python3.11/pyhash.h:10:38: note: expected ‘PyObject *’ {aka ‘struct _object *’} but argument is of type ‘double’
               10 | PyAPI_FUNC(Py_hash_t) _Py_HashDouble(PyObject *, double);
                  |                                      ^~~~~~~~~~
            numpy/core/src/multiarray/scalartypes.c.src:2997:12: error: too few arguments to function ‘_Py_HashDouble’
             2997 |     return _Py_HashDouble(npy_half_to_double(PyArrayScalar_VAL(obj, Half)));
                  |            ^~~~~~~~~~~~~~
            /usr/local/include/python3.11/pyhash.h:10:23: note: declared here
               10 | PyAPI_FUNC(Py_hash_t) _Py_HashDouble(PyObject *, double);
                  |                       ^~~~~~~~~~~~~~
            numpy/core/src/multiarray/scalartypes.c.src: In function ‘longdouble_arrtype_hash’:
            numpy/core/src/multiarray/scalartypes.c.src:2968:1: warning: control reaches end of non-void function [-Wreturn-type]
             2968 | }
                  | ^
            numpy/core/src/multiarray/scalartypes.c.src: In function ‘float_arrtype_hash’:
            numpy/core/src/multiarray/scalartypes.c.src:2968:1: warning: control reaches end of non-void function [-Wreturn-type]
             2968 | }
                  | ^
            numpy/core/src/multiarray/scalartypes.c.src: In function ‘half_arrtype_hash’:
            numpy/core/src/multiarray/scalartypes.c.src:2998:1: warning: control reaches end of non-void function [-Wreturn-type]
             2998 | }
                  | ^
            gcc: numpy/core/src/multiarray/vdot.c
            gcc: build/src.linux-x86_64-3.11/numpy/core/src/umath/loops.c
            gcc: build/src.linux-x86_64-3.11/numpy/core/src/multiarray/nditer_templ.c
            gcc: numpy/core/src/umath/umathmodule.c
            gcc: numpy/core/src/umath/reduction.c
            gcc: numpy/core/src/umath/ufunc_object.c
            gcc: numpy/core/src/multiarray/number.c
            gcc: numpy/core/src/umath/ufunc_type_resolution.c
            gcc: numpy/core/src/multiarray/nditer_api.c
            gcc: build/src.linux-x86_64-3.11/numpy/core/src/npymath/ieee754.c
            gcc: numpy/core/src/umath/override.c
            gcc: build/src.linux-x86_64-3.11/numpy/core/src/npymath/npy_math_complex.c
            numpy/core/src/multiarray/nditer_api.c: In function ‘npyiter_coalesce_axes’:
            numpy/core/src/multiarray/nditer_api.c:1684:24: warning: writing 1 byte into a region of size 0 [-Wstringop-overflow=]
             1684 |             perm[idim] = (npy_int8)idim;
                  |             ~~~~~~~~~~~^~~~~~~~~~~~~~~~
            In file included from numpy/core/src/multiarray/nditer_api.c:16:
            numpy/core/src/multiarray/nditer_impl.h:148:10: note: at offset 1 into destination object ‘iter_flexdata’ of size 1
              148 |     char iter_flexdata;
                  |          ^~~~~~~~~~~~~
            numpy/core/src/multiarray/nditer_api.c:1684:24: warning: writing 1 byte into a region of size 0 [-Wstringop-overflow=]
             1684 |             perm[idim] = (npy_int8)idim;
                  |             ~~~~~~~~~~~^~~~~~~~~~~~~~~~
            numpy/core/src/multiarray/nditer_impl.h:148:10: note: at offset [2, 253] into destination object ‘iter_flexdata’ of size 1
              148 |     char iter_flexdata;
                  |          ^~~~~~~~~~~~~
            numpy/core/src/multiarray/nditer_api.c:1684:24: warning: writing 1 byte into a region of size 0 [-Wstringop-overflow=]
             1684 |             perm[idim] = (npy_int8)idim;
                  |             ~~~~~~~~~~~^~~~~~~~~~~~~~~~
            numpy/core/src/multiarray/nditer_impl.h:148:10: note: at offset [3, 253] into destination object ‘iter_flexdata’ of size 1
              148 |     char iter_flexdata;
                  |          ^~~~~~~~~~~~~
            numpy/core/src/multiarray/nditer_api.c:1684:24: warning: writing 1 byte into a region of size 0 [-Wstringop-overflow=]
             1684 |             perm[idim] = (npy_int8)idim;
                  |             ~~~~~~~~~~~^~~~~~~~~~~~~~~~
            numpy/core/src/multiarray/nditer_impl.h:148:10: note: at offset [4, 253] into destination object ‘iter_flexdata’ of size 1
              148 |     char iter_flexdata;
                  |          ^~~~~~~~~~~~~
            numpy/core/src/multiarray/nditer_api.c:1684:24: warning: writing 1 byte into a region of size 0 [-Wstringop-overflow=]
             1684 |             perm[idim] = (npy_int8)idim;
                  |             ~~~~~~~~~~~^~~~~~~~~~~~~~~~
            numpy/core/src/multiarray/nditer_impl.h:148:10: note: at offset [5, 253] into destination object ‘iter_flexdata’ of size 1
              148 |     char iter_flexdata;
                  |          ^~~~~~~~~~~~~
            numpy/core/src/multiarray/nditer_api.c:1684:24: warning: writing 1 byte into a region of size 0 [-Wstringop-overflow=]
             1684 |             perm[idim] = (npy_int8)idim;
                  |             ~~~~~~~~~~~^~~~~~~~~~~~~~~~
            numpy/core/src/multiarray/nditer_impl.h:148:10: note: at offset [6, 253] into destination object ‘iter_flexdata’ of size 1
              148 |     char iter_flexdata;
                  |          ^~~~~~~~~~~~~
            gcc: numpy/core/src/npymath/npy_math.c
            gcc: numpy/core/src/npymath/halffloat.c
            numpy/core/src/multiarray/nditer_api.c: In function ‘NpyIter_RemoveAxis’:
            numpy/core/src/multiarray/nditer_api.c:123:20: warning: writing 1 byte into a region of size 0 [-Wstringop-overflow=]
              123 |         perm[idim] = p;
                  |         ~~~~~~~~~~~^~~
            numpy/core/src/multiarray/nditer_impl.h:148:10: note: at offset 1 into destination object ‘iter_flexdata’ of size 1
              148 |     char iter_flexdata;
                  |          ^~~~~~~~~~~~~
            numpy/core/src/multiarray/nditer_api.c:123:20: warning: writing 1 byte into a region of size 0 [-Wstringop-overflow=]
              123 |         perm[idim] = p;
                  |         ~~~~~~~~~~~^~~
            numpy/core/src/multiarray/nditer_impl.h:148:10: note: at offset 1 into destination object ‘iter_flexdata’ of size 1
              148 |     char iter_flexdata;
                  |          ^~~~~~~~~~~~~
            numpy/core/src/multiarray/nditer_api.c:123:20: warning: writing 1 byte into a region of size 0 [-Wstringop-overflow=]
              123 |         perm[idim] = p;
                  |         ~~~~~~~~~~~^~~
            numpy/core/src/multiarray/nditer_impl.h:148:10: note: at offset 1 into destination object ‘iter_flexdata’ of size 1
              148 |     char iter_flexdata;
                  |          ^~~~~~~~~~~~~
            numpy/core/src/multiarray/nditer_api.c:123:20: warning: writing 1 byte into a region of size 0 [-Wstringop-overflow=]
              123 |         perm[idim] = p;
                  |         ~~~~~~~~~~~^~~
            numpy/core/src/multiarray/nditer_impl.h:148:10: note: at offset 1 into destination object ‘iter_flexdata’ of size 1
              148 |     char iter_flexdata;
                  |          ^~~~~~~~~~~~~
            numpy/core/src/multiarray/nditer_api.c:123:20: warning: writing 1 byte into a region of size 0 [-Wstringop-overflow=]
              123 |         perm[idim] = p;
                  |         ~~~~~~~~~~~^~~
            numpy/core/src/multiarray/nditer_impl.h:148:10: note: at offset 1 into destination object ‘iter_flexdata’ of size 1
              148 |     char iter_flexdata;
                  |          ^~~~~~~~~~~~~
            numpy/core/src/multiarray/nditer_api.c:123:20: warning: writing 1 byte into a region of size 0 [-Wstringop-overflow=]
              123 |         perm[idim] = p;
                  |         ~~~~~~~~~~~^~~
            numpy/core/src/multiarray/nditer_impl.h:148:10: note: at offset 1 into destination object ‘iter_flexdata’ of size 1
              148 |     char iter_flexdata;
                  |          ^~~~~~~~~~~~~
            gcc: numpy/core/src/multiarray/flagsobject.c
            gcc: numpy/core/src/common/array_assign.c
            gcc: numpy/core/src/common/ucsnarrow.c
            gcc: build/src.linux-x86_64-3.11/numpy/core/src/common/npy_cpu_features.c
            gcc: numpy/core/src/common/ufunc_override.c
            gcc: numpy/core/src/common/mem_overlap.c
            gcc: numpy/core/src/multiarray/getset.c
            gcc: numpy/core/src/common/cblasfuncs.c
            gcc: numpy/core/src/common/numpyos.c
            gcc: numpy/core/src/umath/extobj.c
            gcc: numpy/core/src/common/python_xerbla.c
            gcc: build/src.linux-x86_64-3.11/numpy/core/src/umath/scalarmath.c
            gcc: numpy/core/src/common/npy_longdouble.c
            gcc: numpy/core/src/multiarray/mapping.c
            gcc: numpy/core/src/multiarray/methods.c
            gcc: build/src.linux-x86_64-3.11/numpy/core/src/umath/matmul.c
            gcc: build/src.linux-x86_64-3.11/numpy/core/src/umath/clip.c
            error: Command "gcc -Wsign-compare -DNDEBUG -g -fwrapv -O3 -Wall -fPIC -DNPY_INTERNAL_BUILD=1 -DHAVE_NPY_CONFIG_H=1 -D_FILE_OFFSET_BITS=64 -D_LARGEFILE_SOURCE=1 -D_LARGEFILE64_SOURCE=1 -DNO_ATLAS_INFO=1 -DHAVE_CBLAS -I/usr/local/include -I/usr/include -I/opt/render/project/src/.venv/include -Ibuild/src.linux-x86_64-3.11/numpy/core/src/umath -Ibuild/src.linux-x86_64-3.11/numpy/core/src/npymath -Ibuild/src.linux-x86_64-3.11/numpy/core/src/common -Inumpy/core/include -Ibuild/src.linux-x86_64-3.11/numpy/core/include/numpy -Inumpy/core/src/common -Inumpy/core/src -Inumpy/core -Inumpy/core/src/npymath -Inumpy/core/src/multiarray -Inumpy/core/src/umath -Inumpy/core/src/npysort -I/opt/render/project/src/.venv/include -I/usr/local/include/python3.11 -Ibuild/src.linux-x86_64-3.11/numpy/core/src/common -Ibuild/src.linux-x86_64-3.11/numpy/core/src/npymath -c build/src.linux-x86_64-3.11/numpy/core/src/multiarray/scalartypes.c -o build/temp.linux-x86_64-3.11/build/src.linux-x86_64-3.11/numpy/core/src/multiarray/scalartypes.o -MMD -MF build/temp.linux-x86_64-3.11/build/src.linux-x86_64-3.11/numpy/core/src/multiarray/scalartypes.o.d -std=c99" failed with exit status 1
            [end of output]
      
        note: This error originates from a subprocess, and is likely not a problem with pip.
        ERROR: Failed building wheel for numpy
      Failed to build numpy
      ERROR: Could not build wheels for numpy, which is required to install pyproject.toml-based projects
      
      [notice] A new release of pip is available: 24.0 -> 25.1.1
      [notice] To update, run: pip install --upgrade pip
      [end of output]
  
  note: This error originates from a subprocess, and is likely not a problem with pip.
error: subprocess-exited-with-error
× pip subprocess to install build dependencies did not run successfully.
│ exit code: 1
╰─> See above for output.
note: This error originates from a subprocess, and is likely not a problem with pip.
[notice] A new release of pip is available: 24.0 -> 25.1.1
[notice] To update, run: pip install --upgrade pip
==> Build failed 😞
==> Common ways to troubleshoot your deploy: https://render.com/docs/troubleshooting-deploys